2020-04-22 19:03:23,353 ERROR 11372 nodejs.ClusterClientNoResponseError: client no response in 302380ms exceeding maxIdleTime 60000ms, maybe the connection is close on other side.
    at Timeout._onTimeout (/Users/ljc/Downloads/vue/TED-backend/egg-key/node_modules/cluster-client/lib/leader.js:77:23)
    at listOnTimeout (internal/timers.js:549:17)
    at processTimers (internal/timers.js:492:7)
name: "ClusterClientNoResponseError"
pid: 11372
hostname: liangjiengdeMBP.lan

2020-04-22 19:09:06,438 ERROR 11372 nodejs.ClusterClientNoResponseError: client no response in 303065ms exceeding maxIdleTime 60000ms, maybe the connection is close on other side.
    at Timeout._onTimeout (/Users/ljc/Downloads/vue/TED-backend/egg-key/node_modules/cluster-client/lib/leader.js:77:23)
    at listOnTimeout (internal/timers.js:549:17)
    at processTimers (internal/timers.js:492:7)
name: "ClusterClientNoResponseError"
pid: 11372
hostname: liangjiengdeMBP.lan

2020-04-22 19:14:19,821 ERROR 11372 nodejs.ClusterClientNoResponseError: client no response in 273360ms exceeding maxIdleTime 60000ms, maybe the connection is close on other side.
    at Timeout._onTimeout (/Users/ljc/Downloads/vue/TED-backend/egg-key/node_modules/cluster-client/lib/leader.js:77:23)
    at listOnTimeout (internal/timers.js:549:17)
    at processTimers (internal/timers.js:492:7)
name: "ClusterClientNoResponseError"
pid: 11372
hostname: liangjiengdeMBP.lan

2020-04-22 20:59:26,391 ERROR 11372 nodejs.ClusterClientNoResponseError: client no response in 303105ms exceeding maxIdleTime 60000ms, maybe the connection is close on other side.
    at Timeout._onTimeout (/Users/ljc/Downloads/vue/TED-backend/egg-key/node_modules/cluster-client/lib/leader.js:77:23)
    at listOnTimeout (internal/timers.js:549:17)
    at processTimers (internal/timers.js:492:7)
name: "ClusterClientNoResponseError"
pid: 11372
hostname: liangjiengdeMBP.lan

2020-04-22 21:04:49,499 ERROR 11372 nodejs.ClusterClientNoResponseError: client no response in 303081ms exceeding maxIdleTime 60000ms, maybe the connection is close on other side.
    at Timeout._onTimeout (/Users/ljc/Downloads/vue/TED-backend/egg-key/node_modules/cluster-client/lib/leader.js:77:23)
    at listOnTimeout (internal/timers.js:549:17)
    at processTimers (internal/timers.js:492:7)
name: "ClusterClientNoResponseError"
pid: 11372
hostname: liangjiengdeMBP.lan

2020-04-23 18:30:58,794 ERROR 37599 [-/127.0.0.1/-/0ms GET /] nodejs.ECONNREFUSEDError: connect ECONNREFUSED 127.0.0.1:3306
    at TCPConnectWrap.afterConnect [as oncomplete] (net.js:1141:16)
    --------------------
    at Protocol._enqueue (/Users/ljc/Downloads/vue/TED-backend/egg-key/node_modules/_mysql@2.18.1@mysql/lib/protocol/Protocol.js:144:48)
    at Protocol.handshake (/Users/ljc/Downloads/vue/TED-backend/egg-key/node_modules/_mysql@2.18.1@mysql/lib/protocol/Protocol.js:51:23)
    at PoolConnection.connect (/Users/ljc/Downloads/vue/TED-backend/egg-key/node_modules/_mysql@2.18.1@mysql/lib/Connection.js:116:18)
    at Pool.getConnection (/Users/ljc/Downloads/vue/TED-backend/egg-key/node_modules/_mysql@2.18.1@mysql/lib/Pool.js:48:16)
    at /Users/ljc/Downloads/vue/TED-backend/egg-key/node_modules/_pify@2.3.0@pify/index.js:29:7
    at new Promise (<anonymous>)
    at Pool.<anonymous> (/Users/ljc/Downloads/vue/TED-backend/egg-key/node_modules/_pify@2.3.0@pify/index.js:12:10)
    at Pool.ret [as getConnection] (/Users/ljc/Downloads/vue/TED-backend/egg-key/node_modules/_pify@2.3.0@pify/index.js:56:34)
    at Pool.query (/Users/ljc/Downloads/vue/TED-backend/egg-key/node_modules/_mysql@2.18.1@mysql/lib/Pool.js:202:8)
    at /Users/ljc/Downloads/vue/TED-backend/egg-key/node_modules/_pify@2.3.0@pify/index.js:29:7
    sql: select now() as currentTime;
errno: -61
code: "ECONNREFUSED"
syscall: "connect"
address: "127.0.0.1"
port: 3306
fatal: true
name: "ECONNREFUSEDError"
pid: 37599
hostname: liangjiengdeMBP.lan

2020-04-23 21:13:42,954 ERROR 45720 [-/127.0.0.1/-/0ms GET /] nodejs.PROTOCOL_SEQUENCE_TIMEOUTError: Handshake inactivity timeout
    at Handshake.<anonymous> (/Users/ljc/Downloads/vue/TED-backend/egg-key/node_modules/_mysql@2.18.1@mysql/lib/protocol/Protocol.js:160:17)
    at Handshake.emit (events.js:315:20)
    at Handshake._onTimeout (/Users/ljc/Downloads/vue/TED-backend/egg-key/node_modules/_mysql@2.18.1@mysql/lib/protocol/sequences/Sequence.js:124:8)
    at Timer._onTimeout (/Users/ljc/Downloads/vue/TED-backend/egg-key/node_modules/_mysql@2.18.1@mysql/lib/protocol/Timer.js:32:23)
    at listOnTimeout (internal/timers.js:549:17)
    at processTimers (internal/timers.js:492:7)
    --------------------
    at Protocol._enqueue (/Users/ljc/Downloads/vue/TED-backend/egg-key/node_modules/_mysql@2.18.1@mysql/lib/protocol/Protocol.js:144:48)
    at Protocol.handshake (/Users/ljc/Downloads/vue/TED-backend/egg-key/node_modules/_mysql@2.18.1@mysql/lib/protocol/Protocol.js:51:23)
    at PoolConnection.connect (/Users/ljc/Downloads/vue/TED-backend/egg-key/node_modules/_mysql@2.18.1@mysql/lib/Connection.js:116:18)
    at Pool.getConnection (/Users/ljc/Downloads/vue/TED-backend/egg-key/node_modules/_mysql@2.18.1@mysql/lib/Pool.js:48:16)
    at /Users/ljc/Downloads/vue/TED-backend/egg-key/node_modules/_pify@2.3.0@pify/index.js:29:7
    at new Promise (<anonymous>)
    at Pool.<anonymous> (/Users/ljc/Downloads/vue/TED-backend/egg-key/node_modules/_pify@2.3.0@pify/index.js:12:10)
    at Pool.ret [as getConnection] (/Users/ljc/Downloads/vue/TED-backend/egg-key/node_modules/_pify@2.3.0@pify/index.js:56:34)
    at Pool.query (/Users/ljc/Downloads/vue/TED-backend/egg-key/node_modules/_mysql@2.18.1@mysql/lib/Pool.js:202:8)
    at /Users/ljc/Downloads/vue/TED-backend/egg-key/node_modules/_pify@2.3.0@pify/index.js:29:7
    sql: select now() as currentTime;
code: "PROTOCOL_SEQUENCE_TIMEOUT"
fatal: true
timeout: 10000
name: "PROTOCOL_SEQUENCE_TIMEOUTError"
pid: 45720
hostname: liangjiachengdeMacBook-Pro.local

2020-04-23 21:59:34,380 ERROR 47272 [-/127.0.0.1/-/51ms GET /commit?abc=abc] nodejs.ER_NO_SUCH_TABLEError: ER_NO_SUCH_TABLE: Table 'test.register' doesn't exist
    at Query.Sequence._packetToError (/Users/ljc/Downloads/vue/TED-backend/egg-key/node_modules/_mysql@2.18.1@mysql/lib/protocol/sequences/Sequence.js:47:14)
    at Query.ErrorPacket (/Users/ljc/Downloads/vue/TED-backend/egg-key/node_modules/_mysql@2.18.1@mysql/lib/protocol/sequences/Query.js:79:18)
    at Protocol._parsePacket (/Users/ljc/Downloads/vue/TED-backend/egg-key/node_modules/_mysql@2.18.1@mysql/lib/protocol/Protocol.js:291:23)
    at Parser._parsePacket (/Users/ljc/Downloads/vue/TED-backend/egg-key/node_modules/_mysql@2.18.1@mysql/lib/protocol/Parser.js:433:10)
    at Parser.write (/Users/ljc/Downloads/vue/TED-backend/egg-key/node_modules/_mysql@2.18.1@mysql/lib/protocol/Parser.js:43:10)
    at Protocol.write (/Users/ljc/Downloads/vue/TED-backend/egg-key/node_modules/_mysql@2.18.1@mysql/lib/protocol/Protocol.js:38:16)
    at Socket.<anonymous> (/Users/ljc/Downloads/vue/TED-backend/egg-key/node_modules/_mysql@2.18.1@mysql/lib/Connection.js:88:28)
    at Socket.<anonymous> (/Users/ljc/Downloads/vue/TED-backend/egg-key/node_modules/_mysql@2.18.1@mysql/lib/Connection.js:526:10)
    at Socket.emit (events.js:315:20)
    at addChunk (_stream_readable.js:297:12)
    --------------------
    at Pool.query (/Users/ljc/Downloads/vue/TED-backend/egg-key/node_modules/_mysql@2.18.1@mysql/lib/Pool.js:199:23)
    at /Users/ljc/Downloads/vue/TED-backend/egg-key/node_modules/_pify@2.3.0@pify/index.js:29:7
    at new Promise (<anonymous>)
    at Pool.<anonymous> (/Users/ljc/Downloads/vue/TED-backend/egg-key/node_modules/_pify@2.3.0@pify/index.js:12:10)
    at Pool.ret [as query] (/Users/ljc/Downloads/vue/TED-backend/egg-key/node_modules/_pify@2.3.0@pify/index.js:56:34)
    at RDSClient.proto._query (/Users/ljc/Downloads/vue/TED-backend/egg-key/node_modules/_ali-rds@3.3.0@ali-rds/lib/client.js:34:20)
    at RDSClient.proto.query (/Users/ljc/Downloads/vue/TED-backend/egg-key/node_modules/_ali-rds@3.3.0@ali-rds/lib/operator.js:54:29)
    at proto.query.next (<anonymous>)
    at onFulfilled (/Users/ljc/Downloads/vue/TED-backend/egg-key/node_modules/_co@4.6.0@co/index.js:65:19)
    at /Users/ljc/Downloads/vue/TED-backend/egg-key/node_modules/_co@4.6.0@co/index.js:54:5
    sql: INSERT INTO `register`(`username`, `password`) VALUES(NULL, NULL)
code: "ER_NO_SUCH_TABLE"
errno: 1146
sqlMessage: "Table 'test.register' doesn't exist"
sqlState: "42S02"
index: 0
sql: "INSERT INTO `register`(`username`, `password`) VALUES(NULL, NULL)"
name: "ER_NO_SUCH_TABLEError"
pid: 47272
hostname: liangjiengdeMBP.lan

2020-04-23 22:00:25,214 ERROR 47272 [-/127.0.0.1/-/41ms GET /commit?abc=abc] nodejs.ER_BAD_NULL_ERRORError: ER_BAD_NULL_ERROR: Column 'username' cannot be null
    at Query.Sequence._packetToError (/Users/ljc/Downloads/vue/TED-backend/egg-key/node_modules/_mysql@2.18.1@mysql/lib/protocol/sequences/Sequence.js:47:14)
    at Query.ErrorPacket (/Users/ljc/Downloads/vue/TED-backend/egg-key/node_modules/_mysql@2.18.1@mysql/lib/protocol/sequences/Query.js:79:18)
    at Protocol._parsePacket (/Users/ljc/Downloads/vue/TED-backend/egg-key/node_modules/_mysql@2.18.1@mysql/lib/protocol/Protocol.js:291:23)
    at Parser._parsePacket (/Users/ljc/Downloads/vue/TED-backend/egg-key/node_modules/_mysql@2.18.1@mysql/lib/protocol/Parser.js:433:10)
    at Parser.write (/Users/ljc/Downloads/vue/TED-backend/egg-key/node_modules/_mysql@2.18.1@mysql/lib/protocol/Parser.js:43:10)
    at Protocol.write (/Users/ljc/Downloads/vue/TED-backend/egg-key/node_modules/_mysql@2.18.1@mysql/lib/protocol/Protocol.js:38:16)
    at Socket.<anonymous> (/Users/ljc/Downloads/vue/TED-backend/egg-key/node_modules/_mysql@2.18.1@mysql/lib/Connection.js:88:28)
    at Socket.<anonymous> (/Users/ljc/Downloads/vue/TED-backend/egg-key/node_modules/_mysql@2.18.1@mysql/lib/Connection.js:526:10)
    at Socket.emit (events.js:315:20)
    at addChunk (_stream_readable.js:297:12)
    --------------------
    at Pool.query (/Users/ljc/Downloads/vue/TED-backend/egg-key/node_modules/_mysql@2.18.1@mysql/lib/Pool.js:199:23)
    at /Users/ljc/Downloads/vue/TED-backend/egg-key/node_modules/_pify@2.3.0@pify/index.js:29:7
    at new Promise (<anonymous>)
    at Pool.<anonymous> (/Users/ljc/Downloads/vue/TED-backend/egg-key/node_modules/_pify@2.3.0@pify/index.js:12:10)
    at Pool.ret [as query] (/Users/ljc/Downloads/vue/TED-backend/egg-key/node_modules/_pify@2.3.0@pify/index.js:56:34)
    at RDSClient.proto._query (/Users/ljc/Downloads/vue/TED-backend/egg-key/node_modules/_ali-rds@3.3.0@ali-rds/lib/client.js:34:20)
    at RDSClient.proto.query (/Users/ljc/Downloads/vue/TED-backend/egg-key/node_modules/_ali-rds@3.3.0@ali-rds/lib/operator.js:54:29)
    at proto.query.next (<anonymous>)
    at onFulfilled (/Users/ljc/Downloads/vue/TED-backend/egg-key/node_modules/_co@4.6.0@co/index.js:65:19)
    at /Users/ljc/Downloads/vue/TED-backend/egg-key/node_modules/_co@4.6.0@co/index.js:54:5
    sql: INSERT INTO `register`(`username`, `password`) VALUES(NULL, NULL)
code: "ER_BAD_NULL_ERROR"
errno: 1048
sqlMessage: "Column 'username' cannot be null"
sqlState: "23000"
index: 0
sql: "INSERT INTO `register`(`username`, `password`) VALUES(NULL, NULL)"
name: "ER_BAD_NULL_ERRORError"
pid: 47272
hostname: liangjiengdeMBP.lan

2020-04-23 22:01:38,034 ERROR 47272 [-/127.0.0.1/-/40ms GET /commit?abc=abc] nodejs.ER_BAD_NULL_ERRORError: ER_BAD_NULL_ERROR: Column 'username' cannot be null
    at Query.Sequence._packetToError (/Users/ljc/Downloads/vue/TED-backend/egg-key/node_modules/_mysql@2.18.1@mysql/lib/protocol/sequences/Sequence.js:47:14)
    at Query.ErrorPacket (/Users/ljc/Downloads/vue/TED-backend/egg-key/node_modules/_mysql@2.18.1@mysql/lib/protocol/sequences/Query.js:79:18)
    at Protocol._parsePacket (/Users/ljc/Downloads/vue/TED-backend/egg-key/node_modules/_mysql@2.18.1@mysql/lib/protocol/Protocol.js:291:23)
    at Parser._parsePacket (/Users/ljc/Downloads/vue/TED-backend/egg-key/node_modules/_mysql@2.18.1@mysql/lib/protocol/Parser.js:433:10)
    at Parser.write (/Users/ljc/Downloads/vue/TED-backend/egg-key/node_modules/_mysql@2.18.1@mysql/lib/protocol/Parser.js:43:10)
    at Protocol.write (/Users/ljc/Downloads/vue/TED-backend/egg-key/node_modules/_mysql@2.18.1@mysql/lib/protocol/Protocol.js:38:16)
    at Socket.<anonymous> (/Users/ljc/Downloads/vue/TED-backend/egg-key/node_modules/_mysql@2.18.1@mysql/lib/Connection.js:88:28)
    at Socket.<anonymous> (/Users/ljc/Downloads/vue/TED-backend/egg-key/node_modules/_mysql@2.18.1@mysql/lib/Connection.js:526:10)
    at Socket.emit (events.js:315:20)
    at addChunk (_stream_readable.js:297:12)
    --------------------
    at Pool.query (/Users/ljc/Downloads/vue/TED-backend/egg-key/node_modules/_mysql@2.18.1@mysql/lib/Pool.js:199:23)
    at /Users/ljc/Downloads/vue/TED-backend/egg-key/node_modules/_pify@2.3.0@pify/index.js:29:7
    at new Promise (<anonymous>)
    at Pool.<anonymous> (/Users/ljc/Downloads/vue/TED-backend/egg-key/node_modules/_pify@2.3.0@pify/index.js:12:10)
    at Pool.ret [as query] (/Users/ljc/Downloads/vue/TED-backend/egg-key/node_modules/_pify@2.3.0@pify/index.js:56:34)
    at RDSClient.proto._query (/Users/ljc/Downloads/vue/TED-backend/egg-key/node_modules/_ali-rds@3.3.0@ali-rds/lib/client.js:34:20)
    at RDSClient.proto.query (/Users/ljc/Downloads/vue/TED-backend/egg-key/node_modules/_ali-rds@3.3.0@ali-rds/lib/operator.js:54:29)
    at proto.query.next (<anonymous>)
    at onFulfilled (/Users/ljc/Downloads/vue/TED-backend/egg-key/node_modules/_co@4.6.0@co/index.js:65:19)
    at /Users/ljc/Downloads/vue/TED-backend/egg-key/node_modules/_co@4.6.0@co/index.js:54:5
    sql: INSERT INTO `register`(`username`, `password`) VALUES(NULL, NULL)
code: "ER_BAD_NULL_ERROR"
errno: 1048
sqlMessage: "Column 'username' cannot be null"
sqlState: "23000"
index: 0
sql: "INSERT INTO `register`(`username`, `password`) VALUES(NULL, NULL)"
name: "ER_BAD_NULL_ERRORError"
pid: 47272
hostname: liangjiengdeMBP.lan

2020-04-23 22:02:39,857 ERROR 47466 [-/127.0.0.1/-/44ms GET /commit?abc=abc] nodejs.ER_BAD_NULL_ERRORError: ER_BAD_NULL_ERROR: Column 'username' cannot be null
    at Query.Sequence._packetToError (/Users/ljc/Downloads/vue/TED-backend/egg-key/node_modules/_mysql@2.18.1@mysql/lib/protocol/sequences/Sequence.js:47:14)
    at Query.ErrorPacket (/Users/ljc/Downloads/vue/TED-backend/egg-key/node_modules/_mysql@2.18.1@mysql/lib/protocol/sequences/Query.js:79:18)
    at Protocol._parsePacket (/Users/ljc/Downloads/vue/TED-backend/egg-key/node_modules/_mysql@2.18.1@mysql/lib/protocol/Protocol.js:291:23)
    at Parser._parsePacket (/Users/ljc/Downloads/vue/TED-backend/egg-key/node_modules/_mysql@2.18.1@mysql/lib/protocol/Parser.js:433:10)
    at Parser.write (/Users/ljc/Downloads/vue/TED-backend/egg-key/node_modules/_mysql@2.18.1@mysql/lib/protocol/Parser.js:43:10)
    at Protocol.write (/Users/ljc/Downloads/vue/TED-backend/egg-key/node_modules/_mysql@2.18.1@mysql/lib/protocol/Protocol.js:38:16)
    at Socket.<anonymous> (/Users/ljc/Downloads/vue/TED-backend/egg-key/node_modules/_mysql@2.18.1@mysql/lib/Connection.js:88:28)
    at Socket.<anonymous> (/Users/ljc/Downloads/vue/TED-backend/egg-key/node_modules/_mysql@2.18.1@mysql/lib/Connection.js:526:10)
    at Socket.emit (events.js:315:20)
    at addChunk (_stream_readable.js:297:12)
    --------------------
    at Pool.query (/Users/ljc/Downloads/vue/TED-backend/egg-key/node_modules/_mysql@2.18.1@mysql/lib/Pool.js:199:23)
    at /Users/ljc/Downloads/vue/TED-backend/egg-key/node_modules/_pify@2.3.0@pify/index.js:29:7
    at new Promise (<anonymous>)
    at Pool.<anonymous> (/Users/ljc/Downloads/vue/TED-backend/egg-key/node_modules/_pify@2.3.0@pify/index.js:12:10)
    at Pool.ret [as query] (/Users/ljc/Downloads/vue/TED-backend/egg-key/node_modules/_pify@2.3.0@pify/index.js:56:34)
    at RDSClient.proto._query (/Users/ljc/Downloads/vue/TED-backend/egg-key/node_modules/_ali-rds@3.3.0@ali-rds/lib/client.js:34:20)
    at RDSClient.proto.query (/Users/ljc/Downloads/vue/TED-backend/egg-key/node_modules/_ali-rds@3.3.0@ali-rds/lib/operator.js:54:29)
    at proto.query.next (<anonymous>)
    at onFulfilled (/Users/ljc/Downloads/vue/TED-backend/egg-key/node_modules/_co@4.6.0@co/index.js:65:19)
    at /Users/ljc/Downloads/vue/TED-backend/egg-key/node_modules/_co@4.6.0@co/index.js:54:5
    sql: INSERT INTO `register`(`username`, `password`) VALUES(NULL, NULL)
code: "ER_BAD_NULL_ERROR"
errno: 1048
sqlMessage: "Column 'username' cannot be null"
sqlState: "23000"
index: 0
sql: "INSERT INTO `register`(`username`, `password`) VALUES(NULL, NULL)"
name: "ER_BAD_NULL_ERRORError"
pid: 47466
hostname: liangjiengdeMBP.lan

2020-04-23 22:03:30,700 ERROR 47511 [-/127.0.0.1/-/46ms GET /commit?abc=abc] nodejs.ER_BAD_NULL_ERRORError: ER_BAD_NULL_ERROR: Column 'username' cannot be null
    at Query.Sequence._packetToError (/Users/ljc/Downloads/vue/TED-backend/egg-key/node_modules/_mysql@2.18.1@mysql/lib/protocol/sequences/Sequence.js:47:14)
    at Query.ErrorPacket (/Users/ljc/Downloads/vue/TED-backend/egg-key/node_modules/_mysql@2.18.1@mysql/lib/protocol/sequences/Query.js:79:18)
    at Protocol._parsePacket (/Users/ljc/Downloads/vue/TED-backend/egg-key/node_modules/_mysql@2.18.1@mysql/lib/protocol/Protocol.js:291:23)
    at Parser._parsePacket (/Users/ljc/Downloads/vue/TED-backend/egg-key/node_modules/_mysql@2.18.1@mysql/lib/protocol/Parser.js:433:10)
    at Parser.write (/Users/ljc/Downloads/vue/TED-backend/egg-key/node_modules/_mysql@2.18.1@mysql/lib/protocol/Parser.js:43:10)
    at Protocol.write (/Users/ljc/Downloads/vue/TED-backend/egg-key/node_modules/_mysql@2.18.1@mysql/lib/protocol/Protocol.js:38:16)
    at Socket.<anonymous> (/Users/ljc/Downloads/vue/TED-backend/egg-key/node_modules/_mysql@2.18.1@mysql/lib/Connection.js:88:28)
    at Socket.<anonymous> (/Users/ljc/Downloads/vue/TED-backend/egg-key/node_modules/_mysql@2.18.1@mysql/lib/Connection.js:526:10)
    at Socket.emit (events.js:315:20)
    at addChunk (_stream_readable.js:297:12)
    --------------------
    at Pool.query (/Users/ljc/Downloads/vue/TED-backend/egg-key/node_modules/_mysql@2.18.1@mysql/lib/Pool.js:199:23)
    at /Users/ljc/Downloads/vue/TED-backend/egg-key/node_modules/_pify@2.3.0@pify/index.js:29:7
    at new Promise (<anonymous>)
    at Pool.<anonymous> (/Users/ljc/Downloads/vue/TED-backend/egg-key/node_modules/_pify@2.3.0@pify/index.js:12:10)
    at Pool.ret [as query] (/Users/ljc/Downloads/vue/TED-backend/egg-key/node_modules/_pify@2.3.0@pify/index.js:56:34)
    at RDSClient.proto._query (/Users/ljc/Downloads/vue/TED-backend/egg-key/node_modules/_ali-rds@3.3.0@ali-rds/lib/client.js:34:20)
    at RDSClient.proto.query (/Users/ljc/Downloads/vue/TED-backend/egg-key/node_modules/_ali-rds@3.3.0@ali-rds/lib/operator.js:54:29)
    at proto.query.next (<anonymous>)
    at onFulfilled (/Users/ljc/Downloads/vue/TED-backend/egg-key/node_modules/_co@4.6.0@co/index.js:65:19)
    at /Users/ljc/Downloads/vue/TED-backend/egg-key/node_modules/_co@4.6.0@co/index.js:54:5
    sql: INSERT INTO `register`(`username`, `password`) VALUES(NULL, NULL)
code: "ER_BAD_NULL_ERROR"
errno: 1048
sqlMessage: "Column 'username' cannot be null"
sqlState: "23000"
index: 0
sql: "INSERT INTO `register`(`username`, `password`) VALUES(NULL, NULL)"
name: "ER_BAD_NULL_ERRORError"
pid: 47511
hostname: liangjiengdeMBP.lan

2020-04-23 22:03:47,781 ERROR 47526 [-/127.0.0.1/-/37ms GET /commit?abc=abc] nodejs.ER_BAD_NULL_ERRORError: ER_BAD_NULL_ERROR: Column 'username' cannot be null
    at Query.Sequence._packetToError (/Users/ljc/Downloads/vue/TED-backend/egg-key/node_modules/_mysql@2.18.1@mysql/lib/protocol/sequences/Sequence.js:47:14)
    at Query.ErrorPacket (/Users/ljc/Downloads/vue/TED-backend/egg-key/node_modules/_mysql@2.18.1@mysql/lib/protocol/sequences/Query.js:79:18)
    at Protocol._parsePacket (/Users/ljc/Downloads/vue/TED-backend/egg-key/node_modules/_mysql@2.18.1@mysql/lib/protocol/Protocol.js:291:23)
    at Parser._parsePacket (/Users/ljc/Downloads/vue/TED-backend/egg-key/node_modules/_mysql@2.18.1@mysql/lib/protocol/Parser.js:433:10)
    at Parser.write (/Users/ljc/Downloads/vue/TED-backend/egg-key/node_modules/_mysql@2.18.1@mysql/lib/protocol/Parser.js:43:10)
    at Protocol.write (/Users/ljc/Downloads/vue/TED-backend/egg-key/node_modules/_mysql@2.18.1@mysql/lib/protocol/Protocol.js:38:16)
    at Socket.<anonymous> (/Users/ljc/Downloads/vue/TED-backend/egg-key/node_modules/_mysql@2.18.1@mysql/lib/Connection.js:88:28)
    at Socket.<anonymous> (/Users/ljc/Downloads/vue/TED-backend/egg-key/node_modules/_mysql@2.18.1@mysql/lib/Connection.js:526:10)
    at Socket.emit (events.js:315:20)
    at addChunk (_stream_readable.js:297:12)
    --------------------
    at Pool.query (/Users/ljc/Downloads/vue/TED-backend/egg-key/node_modules/_mysql@2.18.1@mysql/lib/Pool.js:199:23)
    at /Users/ljc/Downloads/vue/TED-backend/egg-key/node_modules/_pify@2.3.0@pify/index.js:29:7
    at new Promise (<anonymous>)
    at Pool.<anonymous> (/Users/ljc/Downloads/vue/TED-backend/egg-key/node_modules/_pify@2.3.0@pify/index.js:12:10)
    at Pool.ret [as query] (/Users/ljc/Downloads/vue/TED-backend/egg-key/node_modules/_pify@2.3.0@pify/index.js:56:34)
    at RDSClient.proto._query (/Users/ljc/Downloads/vue/TED-backend/egg-key/node_modules/_ali-rds@3.3.0@ali-rds/lib/client.js:34:20)
    at RDSClient.proto.query (/Users/ljc/Downloads/vue/TED-backend/egg-key/node_modules/_ali-rds@3.3.0@ali-rds/lib/operator.js:54:29)
    at proto.query.next (<anonymous>)
    at onFulfilled (/Users/ljc/Downloads/vue/TED-backend/egg-key/node_modules/_co@4.6.0@co/index.js:65:19)
    at /Users/ljc/Downloads/vue/TED-backend/egg-key/node_modules/_co@4.6.0@co/index.js:54:5
    sql: INSERT INTO `register`(`username`, `password`) VALUES(NULL, NULL)
code: "ER_BAD_NULL_ERROR"
errno: 1048
sqlMessage: "Column 'username' cannot be null"
sqlState: "23000"
index: 0
sql: "INSERT INTO `register`(`username`, `password`) VALUES(NULL, NULL)"
name: "ER_BAD_NULL_ERRORError"
pid: 47526
hostname: liangjiengdeMBP.lan

2020-04-23 22:04:03,334 ERROR 47557 [-/127.0.0.1/-/41ms GET /commit?abc=abc] nodejs.ER_BAD_NULL_ERRORError: ER_BAD_NULL_ERROR: Column 'username' cannot be null
    at Query.Sequence._packetToError (/Users/ljc/Downloads/vue/TED-backend/egg-key/node_modules/_mysql@2.18.1@mysql/lib/protocol/sequences/Sequence.js:47:14)
    at Query.ErrorPacket (/Users/ljc/Downloads/vue/TED-backend/egg-key/node_modules/_mysql@2.18.1@mysql/lib/protocol/sequences/Query.js:79:18)
    at Protocol._parsePacket (/Users/ljc/Downloads/vue/TED-backend/egg-key/node_modules/_mysql@2.18.1@mysql/lib/protocol/Protocol.js:291:23)
    at Parser._parsePacket (/Users/ljc/Downloads/vue/TED-backend/egg-key/node_modules/_mysql@2.18.1@mysql/lib/protocol/Parser.js:433:10)
    at Parser.write (/Users/ljc/Downloads/vue/TED-backend/egg-key/node_modules/_mysql@2.18.1@mysql/lib/protocol/Parser.js:43:10)
    at Protocol.write (/Users/ljc/Downloads/vue/TED-backend/egg-key/node_modules/_mysql@2.18.1@mysql/lib/protocol/Protocol.js:38:16)
    at Socket.<anonymous> (/Users/ljc/Downloads/vue/TED-backend/egg-key/node_modules/_mysql@2.18.1@mysql/lib/Connection.js:88:28)
    at Socket.<anonymous> (/Users/ljc/Downloads/vue/TED-backend/egg-key/node_modules/_mysql@2.18.1@mysql/lib/Connection.js:526:10)
    at Socket.emit (events.js:315:20)
    at addChunk (_stream_readable.js:297:12)
    --------------------
    at Pool.query (/Users/ljc/Downloads/vue/TED-backend/egg-key/node_modules/_mysql@2.18.1@mysql/lib/Pool.js:199:23)
    at /Users/ljc/Downloads/vue/TED-backend/egg-key/node_modules/_pify@2.3.0@pify/index.js:29:7
    at new Promise (<anonymous>)
    at Pool.<anonymous> (/Users/ljc/Downloads/vue/TED-backend/egg-key/node_modules/_pify@2.3.0@pify/index.js:12:10)
    at Pool.ret [as query] (/Users/ljc/Downloads/vue/TED-backend/egg-key/node_modules/_pify@2.3.0@pify/index.js:56:34)
    at RDSClient.proto._query (/Users/ljc/Downloads/vue/TED-backend/egg-key/node_modules/_ali-rds@3.3.0@ali-rds/lib/client.js:34:20)
    at RDSClient.proto.query (/Users/ljc/Downloads/vue/TED-backend/egg-key/node_modules/_ali-rds@3.3.0@ali-rds/lib/operator.js:54:29)
    at proto.query.next (<anonymous>)
    at onFulfilled (/Users/ljc/Downloads/vue/TED-backend/egg-key/node_modules/_co@4.6.0@co/index.js:65:19)
    at /Users/ljc/Downloads/vue/TED-backend/egg-key/node_modules/_co@4.6.0@co/index.js:54:5
    sql: INSERT INTO `register`(`username`, `password`) VALUES(NULL, NULL)
code: "ER_BAD_NULL_ERROR"
errno: 1048
sqlMessage: "Column 'username' cannot be null"
sqlState: "23000"
index: 0
sql: "INSERT INTO `register`(`username`, `password`) VALUES(NULL, NULL)"
name: "ER_BAD_NULL_ERRORError"
pid: 47557
hostname: liangjiengdeMBP.lan

2020-04-23 22:04:53,208 ERROR 47581 [-/127.0.0.1/-/34ms GET /commit?username=abc&password=bbb] nodejs.AssertionError: Can't find login from 
    at Map.resolve (/Users/ljc/Downloads/vue/TED-backend/egg-key/node_modules/egg-view/lib/view_manager.js:74:5)
    at processTicksAndRejections (internal/process/task_queues.js:97:5)
    at async ContextView.[contextView#render] (/Users/ljc/Downloads/vue/TED-backend/egg-key/node_modules/egg-view/lib/context_view.js:50:22)
    at async ControllerRegisterController.test (/Users/ljc/Downloads/vue/TED-backend/egg-key/app/controller/controllerRegister.js:13:5)
    at async /Users/ljc/Downloads/vue/TED-backend/egg-key/node_modules/egg-development/app/middleware/egg_loader_trace.js:9:50
    at async xframe (/Users/ljc/Downloads/vue/TED-backend/egg-key/node_modules/egg-security/lib/middlewares/xframe.js:7:5)
    at async xssProtection (/Users/ljc/Downloads/vue/TED-backend/egg-key/node_modules/egg-security/lib/middlewares/xssProtection.js:7:5)
    at async nosniff (/Users/ljc/Downloads/vue/TED-backend/egg-key/node_modules/egg-security/lib/middlewares/nosniff.js:8:5)
    at async noopen (/Users/ljc/Downloads/vue/TED-backend/egg-key/node_modules/egg-security/lib/middlewares/noopen.js:8:5)
    at async session (/Users/ljc/Downloads/vue/TED-backend/egg-key/node_modules/koa-session/index.js:41:7)
generatedMessage: false
code: "ERR_ASSERTION"
actual: undefined
expected: true
operator: "=="
pid: 47581
hostname: liangjiengdeMBP.lan

