2020-04-26 00:00:39,558 INFO 25914 [egg-schedule]: register schedule /Users/ljc/Downloads/vue/TED-backend/egg-key/node_modules/egg-multipart/app/schedule/clean_tmpdir.js
2020-04-26 00:00:39,558 INFO 25914 [egg-schedule]: register schedule /Users/ljc/Downloads/vue/TED-backend/egg-key/node_modules/egg-logrotator/app/schedule/clean_log.js
2020-04-26 00:00:39,558 INFO 25914 [egg-schedule]: register schedule /Users/ljc/Downloads/vue/TED-backend/egg-key/node_modules/egg-logrotator/app/schedule/rotate_by_file.js
2020-04-26 00:00:56,609 INFO 25928 [egg-schedule]: register schedule /Users/ljc/Downloads/vue/TED-backend/egg-key/node_modules/egg-multipart/app/schedule/clean_tmpdir.js
2020-04-26 00:00:56,609 INFO 25928 [egg-schedule]: register schedule /Users/ljc/Downloads/vue/TED-backend/egg-key/node_modules/egg-logrotator/app/schedule/clean_log.js
2020-04-26 00:00:56,609 INFO 25928 [egg-schedule]: register schedule /Users/ljc/Downloads/vue/TED-backend/egg-key/node_modules/egg-logrotator/app/schedule/rotate_by_file.js
2020-04-26 00:03:18,384 INFO 25987 [egg-schedule]: register schedule /Users/ljc/Downloads/vue/TED-backend/egg-key/node_modules/egg-multipart/app/schedule/clean_tmpdir.js
2020-04-26 00:03:18,384 INFO 25987 [egg-schedule]: register schedule /Users/ljc/Downloads/vue/TED-backend/egg-key/node_modules/egg-logrotator/app/schedule/clean_log.js
2020-04-26 00:03:18,384 INFO 25987 [egg-schedule]: register schedule /Users/ljc/Downloads/vue/TED-backend/egg-key/node_modules/egg-logrotator/app/schedule/rotate_by_file.js
2020-04-26 00:03:52,791 INFO 26005 [egg-schedule]: register schedule /Users/ljc/Downloads/vue/TED-backend/egg-key/node_modules/egg-multipart/app/schedule/clean_tmpdir.js
2020-04-26 00:03:52,791 INFO 26005 [egg-schedule]: register schedule /Users/ljc/Downloads/vue/TED-backend/egg-key/node_modules/egg-logrotator/app/schedule/clean_log.js
2020-04-26 00:03:52,791 INFO 26005 [egg-schedule]: register schedule /Users/ljc/Downloads/vue/TED-backend/egg-key/node_modules/egg-logrotator/app/schedule/rotate_by_file.js
2020-04-26 00:04:21,564 INFO 26036 [egg-schedule]: register schedule /Users/ljc/Downloads/vue/TED-backend/egg-key/node_modules/egg-multipart/app/schedule/clean_tmpdir.js
2020-04-26 00:04:21,564 INFO 26036 [egg-schedule]: register schedule /Users/ljc/Downloads/vue/TED-backend/egg-key/node_modules/egg-logrotator/app/schedule/clean_log.js
2020-04-26 00:04:21,564 INFO 26036 [egg-schedule]: register schedule /Users/ljc/Downloads/vue/TED-backend/egg-key/node_modules/egg-logrotator/app/schedule/rotate_by_file.js
2020-04-26 00:06:13,125 INFO 26113 [egg-schedule]: register schedule /Users/ljc/Downloads/vue/TED-backend/egg-key/node_modules/egg-multipart/app/schedule/clean_tmpdir.js
2020-04-26 00:06:13,125 INFO 26113 [egg-schedule]: register schedule /Users/ljc/Downloads/vue/TED-backend/egg-key/node_modules/egg-logrotator/app/schedule/clean_log.js
2020-04-26 00:06:13,125 INFO 26113 [egg-schedule]: register schedule /Users/ljc/Downloads/vue/TED-backend/egg-key/node_modules/egg-logrotator/app/schedule/rotate_by_file.js
2020-04-26 00:06:45,121 INFO 26147 [egg-schedule]: register schedule /Users/ljc/Downloads/vue/TED-backend/egg-key/node_modules/egg-multipart/app/schedule/clean_tmpdir.js
2020-04-26 00:06:45,121 INFO 26147 [egg-schedule]: register schedule /Users/ljc/Downloads/vue/TED-backend/egg-key/node_modules/egg-logrotator/app/schedule/clean_log.js
2020-04-26 00:06:45,121 INFO 26147 [egg-schedule]: register schedule /Users/ljc/Downloads/vue/TED-backend/egg-key/node_modules/egg-logrotator/app/schedule/rotate_by_file.js
2020-04-26 00:08:35,434 INFO 26193 [egg-schedule]: register schedule /Users/ljc/Downloads/vue/TED-backend/egg-key/node_modules/egg-multipart/app/schedule/clean_tmpdir.js
2020-04-26 00:08:35,434 INFO 26193 [egg-schedule]: register schedule /Users/ljc/Downloads/vue/TED-backend/egg-key/node_modules/egg-logrotator/app/schedule/clean_log.js
2020-04-26 00:08:35,434 INFO 26193 [egg-schedule]: register schedule /Users/ljc/Downloads/vue/TED-backend/egg-key/node_modules/egg-logrotator/app/schedule/rotate_by_file.js
2020-04-26 00:09:24,472 INFO 26250 [egg-schedule]: register schedule /Users/ljc/Downloads/vue/TED-backend/egg-key/node_modules/egg-multipart/app/schedule/clean_tmpdir.js
2020-04-26 00:09:24,472 INFO 26250 [egg-schedule]: register schedule /Users/ljc/Downloads/vue/TED-backend/egg-key/node_modules/egg-logrotator/app/schedule/clean_log.js
2020-04-26 00:09:24,472 INFO 26250 [egg-schedule]: register schedule /Users/ljc/Downloads/vue/TED-backend/egg-key/node_modules/egg-logrotator/app/schedule/rotate_by_file.js
2020-04-26 00:09:52,455 INFO 26273 [egg-schedule]: register schedule /Users/ljc/Downloads/vue/TED-backend/egg-key/node_modules/egg-multipart/app/schedule/clean_tmpdir.js
2020-04-26 00:09:52,455 INFO 26273 [egg-schedule]: register schedule /Users/ljc/Downloads/vue/TED-backend/egg-key/node_modules/egg-logrotator/app/schedule/clean_log.js
2020-04-26 00:09:52,455 INFO 26273 [egg-schedule]: register schedule /Users/ljc/Downloads/vue/TED-backend/egg-key/node_modules/egg-logrotator/app/schedule/rotate_by_file.js
2020-04-26 00:10:04,440 INFO 26284 [egg-schedule]: register schedule /Users/ljc/Downloads/vue/TED-backend/egg-key/node_modules/egg-multipart/app/schedule/clean_tmpdir.js
2020-04-26 00:10:04,440 INFO 26284 [egg-schedule]: register schedule /Users/ljc/Downloads/vue/TED-backend/egg-key/node_modules/egg-logrotator/app/schedule/clean_log.js
2020-04-26 00:10:04,440 INFO 26284 [egg-schedule]: register schedule /Users/ljc/Downloads/vue/TED-backend/egg-key/node_modules/egg-logrotator/app/schedule/rotate_by_file.js
2020-04-26 00:10:13,917 INFO 26299 [egg-schedule]: register schedule /Users/ljc/Downloads/vue/TED-backend/egg-key/node_modules/egg-multipart/app/schedule/clean_tmpdir.js
2020-04-26 00:10:13,917 INFO 26299 [egg-schedule]: register schedule /Users/ljc/Downloads/vue/TED-backend/egg-key/node_modules/egg-logrotator/app/schedule/clean_log.js
2020-04-26 00:10:13,917 INFO 26299 [egg-schedule]: register schedule /Users/ljc/Downloads/vue/TED-backend/egg-key/node_modules/egg-logrotator/app/schedule/rotate_by_file.js
2020-04-26 00:11:03,212 INFO 26368 [egg-schedule]: register schedule /Users/ljc/Downloads/vue/TED-backend/egg-key/node_modules/egg-multipart/app/schedule/clean_tmpdir.js
2020-04-26 00:11:03,212 INFO 26368 [egg-schedule]: register schedule /Users/ljc/Downloads/vue/TED-backend/egg-key/node_modules/egg-logrotator/app/schedule/clean_log.js
2020-04-26 00:11:03,212 INFO 26368 [egg-schedule]: register schedule /Users/ljc/Downloads/vue/TED-backend/egg-key/node_modules/egg-logrotator/app/schedule/rotate_by_file.js
2020-04-26 00:11:10,680 INFO 26396 [egg-schedule]: register schedule /Users/ljc/Downloads/vue/TED-backend/egg-key/node_modules/egg-multipart/app/schedule/clean_tmpdir.js
2020-04-26 00:11:10,680 INFO 26396 [egg-schedule]: register schedule /Users/ljc/Downloads/vue/TED-backend/egg-key/node_modules/egg-logrotator/app/schedule/clean_log.js
2020-04-26 00:11:10,680 INFO 26396 [egg-schedule]: register schedule /Users/ljc/Downloads/vue/TED-backend/egg-key/node_modules/egg-logrotator/app/schedule/rotate_by_file.js
2020-04-26 00:11:22,476 INFO 26420 [egg-schedule]: register schedule /Users/ljc/Downloads/vue/TED-backend/egg-key/node_modules/egg-multipart/app/schedule/clean_tmpdir.js
2020-04-26 00:11:22,476 INFO 26420 [egg-schedule]: register schedule /Users/ljc/Downloads/vue/TED-backend/egg-key/node_modules/egg-logrotator/app/schedule/clean_log.js
2020-04-26 00:11:22,476 INFO 26420 [egg-schedule]: register schedule /Users/ljc/Downloads/vue/TED-backend/egg-key/node_modules/egg-logrotator/app/schedule/rotate_by_file.js
2020-04-26 00:11:33,264 INFO 26431 [egg-schedule]: register schedule /Users/ljc/Downloads/vue/TED-backend/egg-key/node_modules/egg-multipart/app/schedule/clean_tmpdir.js
2020-04-26 00:11:33,264 INFO 26431 [egg-schedule]: register schedule /Users/ljc/Downloads/vue/TED-backend/egg-key/node_modules/egg-logrotator/app/schedule/clean_log.js
2020-04-26 00:11:33,264 INFO 26431 [egg-schedule]: register schedule /Users/ljc/Downloads/vue/TED-backend/egg-key/node_modules/egg-logrotator/app/schedule/rotate_by_file.js
2020-04-26 00:11:35,123 INFO 26441 [egg-schedule]: register schedule /Users/ljc/Downloads/vue/TED-backend/egg-key/node_modules/egg-multipart/app/schedule/clean_tmpdir.js
2020-04-26 00:11:35,123 INFO 26441 [egg-schedule]: register schedule /Users/ljc/Downloads/vue/TED-backend/egg-key/node_modules/egg-logrotator/app/schedule/clean_log.js
2020-04-26 00:11:35,123 INFO 26441 [egg-schedule]: register schedule /Users/ljc/Downloads/vue/TED-backend/egg-key/node_modules/egg-logrotator/app/schedule/rotate_by_file.js
2020-04-26 00:11:58,055 INFO 26456 [egg-schedule]: register schedule /Users/ljc/Downloads/vue/TED-backend/egg-key/node_modules/egg-multipart/app/schedule/clean_tmpdir.js
2020-04-26 00:11:58,056 INFO 26456 [egg-schedule]: register schedule /Users/ljc/Downloads/vue/TED-backend/egg-key/node_modules/egg-logrotator/app/schedule/clean_log.js
2020-04-26 00:11:58,056 INFO 26456 [egg-schedule]: register schedule /Users/ljc/Downloads/vue/TED-backend/egg-key/node_modules/egg-logrotator/app/schedule/rotate_by_file.js
2020-04-26 00:12:15,955 INFO 26477 [egg-schedule]: register schedule /Users/ljc/Downloads/vue/TED-backend/egg-key/node_modules/egg-multipart/app/schedule/clean_tmpdir.js
2020-04-26 00:12:15,955 INFO 26477 [egg-schedule]: register schedule /Users/ljc/Downloads/vue/TED-backend/egg-key/node_modules/egg-logrotator/app/schedule/clean_log.js
2020-04-26 00:12:15,955 INFO 26477 [egg-schedule]: register schedule /Users/ljc/Downloads/vue/TED-backend/egg-key/node_modules/egg-logrotator/app/schedule/rotate_by_file.js
2020-04-26 00:15:27,183 INFO 26547 [egg-schedule]: register schedule /Users/ljc/Downloads/vue/TED-backend/egg-key/node_modules/egg-multipart/app/schedule/clean_tmpdir.js
2020-04-26 00:15:27,183 INFO 26547 [egg-schedule]: register schedule /Users/ljc/Downloads/vue/TED-backend/egg-key/node_modules/egg-logrotator/app/schedule/clean_log.js
2020-04-26 00:15:27,183 INFO 26547 [egg-schedule]: register schedule /Users/ljc/Downloads/vue/TED-backend/egg-key/node_modules/egg-logrotator/app/schedule/rotate_by_file.js
2020-04-26 00:15:50,857 INFO 26569 [egg-schedule]: register schedule /Users/ljc/Downloads/vue/TED-backend/egg-key/node_modules/egg-multipart/app/schedule/clean_tmpdir.js
2020-04-26 00:15:50,857 INFO 26569 [egg-schedule]: register schedule /Users/ljc/Downloads/vue/TED-backend/egg-key/node_modules/egg-logrotator/app/schedule/clean_log.js
2020-04-26 00:15:50,857 INFO 26569 [egg-schedule]: register schedule /Users/ljc/Downloads/vue/TED-backend/egg-key/node_modules/egg-logrotator/app/schedule/rotate_by_file.js
2020-04-26 00:17:47,624 INFO 26808 [egg-schedule]: register schedule /Users/ljc/Downloads/vue/TED-backend/egg-key/node_modules/egg-multipart/app/schedule/clean_tmpdir.js
2020-04-26 00:17:47,624 INFO 26808 [egg-schedule]: register schedule /Users/ljc/Downloads/vue/TED-backend/egg-key/node_modules/egg-logrotator/app/schedule/clean_log.js
2020-04-26 00:17:47,624 INFO 26808 [egg-schedule]: register schedule /Users/ljc/Downloads/vue/TED-backend/egg-key/node_modules/egg-logrotator/app/schedule/rotate_by_file.js
2020-04-26 00:17:47,910 INFO 26807 [Timer] /Users/ljc/Downloads/vue/TED-backend/egg-key/node_modules/egg-multipart/app/schedule/clean_tmpdir.js next time will execute after 15132092ms at 2020-04-26 04:30:00.002
2020-04-26 00:17:47,911 INFO 26807 [Timer] /Users/ljc/Downloads/vue/TED-backend/egg-key/node_modules/egg-logrotator/app/schedule/clean_log.js next time will execute after 85332089ms at 2020-04-27 00:00:00.000
2020-04-26 00:17:47,912 INFO 26807 [Timer] /Users/ljc/Downloads/vue/TED-backend/egg-key/node_modules/egg-logrotator/app/schedule/rotate_by_file.js next time will execute after 85333089ms at 2020-04-27 00:00:01.001
2020-04-26 04:30:00,006 INFO 26807 [Timer] /Users/ljc/Downloads/vue/TED-backend/egg-key/node_modules/egg-multipart/app/schedule/clean_tmpdir.js next time will execute after 86399997ms at 2020-04-27 04:30:00.003
2020-04-26 04:30:00,005 INFO 26808 [Job#15878466000022130009921745461] /Users/ljc/Downloads/vue/TED-backend/egg-key/node_modules/egg-multipart/app/schedule/clean_tmpdir.js executing by app
2020-04-26 04:30:00,012 INFO 26808 [Job#15878466000022130009921745461] /Users/ljc/Downloads/vue/TED-backend/egg-key/node_modules/egg-multipart/app/schedule/clean_tmpdir.js execute succeed, used 7ms
2020-05-20 15:12:11,409 INFO 68419 [egg-schedule]: register schedule /Users/ljc/Downloads/vue/TED-backend/egg-key/node_modules/egg-multipart/app/schedule/clean_tmpdir.js
2020-05-20 15:12:11,409 INFO 68419 [egg-schedule]: register schedule /Users/ljc/Downloads/vue/TED-backend/egg-key/node_modules/egg-logrotator/app/schedule/clean_log.js
2020-05-20 15:12:11,409 INFO 68419 [egg-schedule]: register schedule /Users/ljc/Downloads/vue/TED-backend/egg-key/node_modules/egg-logrotator/app/schedule/rotate_by_file.js
2020-05-20 15:12:11,701 INFO 68417 [Timer] /Users/ljc/Downloads/vue/TED-backend/egg-key/node_modules/egg-multipart/app/schedule/clean_tmpdir.js next time will execute after 47868302ms at 2020-05-21 04:30:00.003
2020-05-20 15:12:11,701 INFO 68417 [Timer] /Users/ljc/Downloads/vue/TED-backend/egg-key/node_modules/egg-logrotator/app/schedule/clean_log.js next time will execute after 31668299ms at 2020-05-21 00:00:00.000
2020-05-20 15:12:11,702 INFO 68417 [Timer] /Users/ljc/Downloads/vue/TED-backend/egg-key/node_modules/egg-logrotator/app/schedule/rotate_by_file.js next time will execute after 31669299ms at 2020-05-21 00:00:01.001
2020-05-20 15:12:46,868 INFO 68488 [egg-schedule]: register schedule /Users/ljc/Downloads/vue/TED-backend/egg-key/node_modules/egg-multipart/app/schedule/clean_tmpdir.js
2020-05-20 15:12:46,868 INFO 68488 [egg-schedule]: register schedule /Users/ljc/Downloads/vue/TED-backend/egg-key/node_modules/egg-logrotator/app/schedule/clean_log.js
2020-05-20 15:12:46,868 INFO 68488 [egg-schedule]: register schedule /Users/ljc/Downloads/vue/TED-backend/egg-key/node_modules/egg-logrotator/app/schedule/rotate_by_file.js
2020-05-21 22:05:26,251 INFO 16107 [egg-schedule]: register schedule /Users/ljc/Downloads/vue/TED-backend/egg-key/node_modules/egg-multipart/app/schedule/clean_tmpdir.js
2020-05-21 22:05:26,251 INFO 16107 [egg-schedule]: register schedule /Users/ljc/Downloads/vue/TED-backend/egg-key/node_modules/egg-logrotator/app/schedule/clean_log.js
2020-05-21 22:05:26,251 INFO 16107 [egg-schedule]: register schedule /Users/ljc/Downloads/vue/TED-backend/egg-key/node_modules/egg-logrotator/app/schedule/rotate_by_file.js
2020-05-21 22:05:26,958 INFO 16106 [Timer] /Users/ljc/Downloads/vue/TED-backend/egg-key/node_modules/egg-multipart/app/schedule/clean_tmpdir.js next time will execute after 23073044ms at 2020-05-22 04:30:00.002
2020-05-21 22:05:26,958 INFO 16106 [Timer] /Users/ljc/Downloads/vue/TED-backend/egg-key/node_modules/egg-logrotator/app/schedule/clean_log.js next time will execute after 6873042ms at 2020-05-22 00:00:00.000
2020-05-21 22:05:26,958 INFO 16106 [Timer] /Users/ljc/Downloads/vue/TED-backend/egg-key/node_modules/egg-logrotator/app/schedule/rotate_by_file.js next time will execute after 6874042ms at 2020-05-22 00:00:01.000
2020-05-22 08:08:12,196 INFO 24893 [Timer] /Users/ljc/Downloads/vue/TED-backend/egg-key/node_modules/egg-multipart/app/schedule/clean_tmpdir.js next time will execute after 73307809ms at 2020-05-23 04:30:00.005
2020-05-22 08:08:12,196 INFO 24893 [Timer] /Users/ljc/Downloads/vue/TED-backend/egg-key/node_modules/egg-logrotator/app/schedule/clean_log.js next time will execute after 57107804ms at 2020-05-23 00:00:00.000
2020-05-22 08:08:12,197 INFO 24893 [Timer] /Users/ljc/Downloads/vue/TED-backend/egg-key/node_modules/egg-logrotator/app/schedule/rotate_by_file.js next time will execute after 57108804ms at 2020-05-23 00:00:01.001
2020-05-22 08:08:11,917 INFO 24894 [egg-schedule]: register schedule /Users/ljc/Downloads/vue/TED-backend/egg-key/node_modules/egg-multipart/app/schedule/clean_tmpdir.js
2020-05-22 08:08:11,917 INFO 24894 [egg-schedule]: register schedule /Users/ljc/Downloads/vue/TED-backend/egg-key/node_modules/egg-logrotator/app/schedule/clean_log.js
2020-05-22 08:08:11,917 INFO 24894 [egg-schedule]: register schedule /Users/ljc/Downloads/vue/TED-backend/egg-key/node_modules/egg-logrotator/app/schedule/rotate_by_file.js
2020-05-22 08:08:44,828 INFO 24965 [egg-schedule]: register schedule /Users/ljc/Downloads/vue/TED-backend/egg-key/node_modules/egg-multipart/app/schedule/clean_tmpdir.js
2020-05-22 08:08:44,828 INFO 24965 [egg-schedule]: register schedule /Users/ljc/Downloads/vue/TED-backend/egg-key/node_modules/egg-logrotator/app/schedule/clean_log.js
2020-05-22 08:08:44,828 INFO 24965 [egg-schedule]: register schedule /Users/ljc/Downloads/vue/TED-backend/egg-key/node_modules/egg-logrotator/app/schedule/rotate_by_file.js
2020-05-22 08:47:30,988 INFO 25871 [egg-schedule]: register schedule /Users/ljc/Downloads/vue/TED-backend/egg-key/node_modules/egg-multipart/app/schedule/clean_tmpdir.js
2020-05-22 08:47:30,988 INFO 25871 [egg-schedule]: register schedule /Users/ljc/Downloads/vue/TED-backend/egg-key/node_modules/egg-logrotator/app/schedule/clean_log.js
2020-05-22 08:47:30,988 INFO 25871 [egg-schedule]: register schedule /Users/ljc/Downloads/vue/TED-backend/egg-key/node_modules/egg-logrotator/app/schedule/rotate_by_file.js
