2020-04-22 00:00:01,029 INFO 20247 [egg-logrotator] app logger reload: got log-reload message
2020-04-22 00:51:00,902 INFO 21384 [egg:logger] init all loggers with options: {"dir":"/Users/ljc/Downloads/vue/egg-example/logs/TEDStore-back","encoding":"utf8","env":"local","level":"INFO","consoleLevel":"INFO","disableConsoleAfterReady":false,"outputJSON":false,"buffer":true,"appLogName":"TEDStore-back-web.log","coreLogName":"egg-web.log","agentLogName":"egg-agent.log","errorLogName":"common-error.log","coreLogger":{"consoleLevel":"WARN"},"allowDebugAtProd":false,"type":"application"}
2020-04-22 00:51:00,924 INFO 21384 [egg-multipart] stream mode enable
2020-04-22 00:51:00,994 INFO 21384 [egg-static] starting static serve /public/ -> /Users/ljc/Downloads/vue/egg-example/app/public
2020-04-22 00:51:00,996 INFO 21384 [egg-security] use methodnoallow middleware
2020-04-22 00:51:00,997 INFO 21384 [egg-security] use noopen middleware
2020-04-22 00:51:00,997 INFO 21384 [egg-security] use nosniff middleware
2020-04-22 00:51:00,998 INFO 21384 [egg-security] use xssProtection middleware
2020-04-22 00:51:00,999 INFO 21384 [egg-security] use xframe middleware
2020-04-22 00:51:00,999 INFO 21384 [egg-security] use dta middleware
2020-04-22 00:51:00,999 INFO 21384 [egg-security] compose 6 middlewares into one security middleware
2020-04-22 00:51:01,023 INFO 21384 [egg:core] dump config after load, 4ms
2020-04-22 00:51:01,034 INFO 21384 [egg-watcher:application] watcher start success
2020-04-22 00:51:01,048 INFO 21384 [egg:core] dump config after ready, 4ms
2020-04-22 00:51:04,600 INFO 21394 [egg:logger] init all loggers with options: {"dir":"/Users/ljc/Downloads/vue/egg-example/logs/TEDStore-back","encoding":"utf8","env":"local","level":"INFO","consoleLevel":"INFO","disableConsoleAfterReady":false,"outputJSON":false,"buffer":true,"appLogName":"TEDStore-back-web.log","coreLogName":"egg-web.log","agentLogName":"egg-agent.log","errorLogName":"common-error.log","coreLogger":{"consoleLevel":"WARN"},"allowDebugAtProd":false,"type":"application"}
2020-04-22 00:51:04,621 INFO 21394 [egg-multipart] stream mode enable
2020-04-22 00:51:04,657 INFO 21394 [egg-static] starting static serve /public/ -> /Users/ljc/Downloads/vue/egg-example/app/public
2020-04-22 00:51:04,659 INFO 21394 [egg-security] use methodnoallow middleware
2020-04-22 00:51:04,659 INFO 21394 [egg-security] use noopen middleware
2020-04-22 00:51:04,659 INFO 21394 [egg-security] use nosniff middleware
2020-04-22 00:51:04,660 INFO 21394 [egg-security] use xssProtection middleware
2020-04-22 00:51:04,661 INFO 21394 [egg-security] use xframe middleware
2020-04-22 00:51:04,661 INFO 21394 [egg-security] use dta middleware
2020-04-22 00:51:04,661 INFO 21394 [egg-security] compose 6 middlewares into one security middleware
2020-04-22 00:51:04,678 INFO 21394 [egg:core] dump config after load, 4ms
2020-04-22 00:51:04,685 INFO 21394 [egg-watcher:application] watcher start success
2020-04-22 00:51:04,696 INFO 21394 [egg:core] dump config after ready, 4ms
2020-04-22 00:51:18,879 INFO 21425 [egg:logger] init all loggers with options: {"dir":"/Users/ljc/Downloads/vue/egg-example/logs/TEDStore-back","encoding":"utf8","env":"local","level":"INFO","consoleLevel":"INFO","disableConsoleAfterReady":false,"outputJSON":false,"buffer":true,"appLogName":"TEDStore-back-web.log","coreLogName":"egg-web.log","agentLogName":"egg-agent.log","errorLogName":"common-error.log","coreLogger":{"consoleLevel":"WARN"},"allowDebugAtProd":false,"type":"application"}
2020-04-22 00:51:18,900 INFO 21425 [egg-multipart] stream mode enable
2020-04-22 00:51:18,966 INFO 21425 [egg-static] starting static serve /public/ -> /Users/ljc/Downloads/vue/egg-example/app/public
2020-04-22 00:51:18,967 INFO 21425 [egg-security] use methodnoallow middleware
2020-04-22 00:51:18,968 INFO 21425 [egg-security] use noopen middleware
2020-04-22 00:51:18,969 INFO 21425 [egg-security] use nosniff middleware
2020-04-22 00:51:18,969 INFO 21425 [egg-security] use xssProtection middleware
2020-04-22 00:51:18,970 INFO 21425 [egg-security] use xframe middleware
2020-04-22 00:51:18,971 INFO 21425 [egg-security] use dta middleware
2020-04-22 00:51:18,971 INFO 21425 [egg-security] compose 6 middlewares into one security middleware
2020-04-22 00:51:18,995 INFO 21425 [egg:core] dump config after load, 3ms
2020-04-22 00:51:19,003 INFO 21425 [egg-watcher:application] watcher start success
2020-04-22 00:51:19,018 INFO 21425 [egg:core] dump config after ready, 4ms
2020-04-22 00:51:26,750 INFO 21453 [egg:logger] init all loggers with options: {"dir":"/Users/ljc/Downloads/vue/egg-example/logs/TEDStore-back","encoding":"utf8","env":"local","level":"INFO","consoleLevel":"INFO","disableConsoleAfterReady":false,"outputJSON":false,"buffer":true,"appLogName":"TEDStore-back-web.log","coreLogName":"egg-web.log","agentLogName":"egg-agent.log","errorLogName":"common-error.log","coreLogger":{"consoleLevel":"WARN"},"allowDebugAtProd":false,"type":"application"}
2020-04-22 00:51:26,770 INFO 21453 [egg-multipart] stream mode enable
2020-04-22 00:51:26,838 INFO 21453 [egg-static] starting static serve /public/ -> /Users/ljc/Downloads/vue/egg-example/app/public
2020-04-22 00:51:26,840 INFO 21453 [egg-security] use methodnoallow middleware
2020-04-22 00:51:26,841 INFO 21453 [egg-security] use noopen middleware
2020-04-22 00:51:26,842 INFO 21453 [egg-security] use nosniff middleware
2020-04-22 00:51:26,842 INFO 21453 [egg-security] use xssProtection middleware
2020-04-22 00:51:26,843 INFO 21453 [egg-security] use xframe middleware
2020-04-22 00:51:26,844 INFO 21453 [egg-security] use dta middleware
2020-04-22 00:51:26,844 INFO 21453 [egg-security] compose 6 middlewares into one security middleware
2020-04-22 00:51:26,871 INFO 21453 [egg:core] dump config after load, 4ms
2020-04-22 00:51:26,880 INFO 21453 [egg-watcher:application] watcher start success
2020-04-22 00:51:26,896 INFO 21453 [egg:core] dump config after ready, 5ms
2020-04-22 00:51:32,253 INFO 21463 [egg:logger] init all loggers with options: {"dir":"/Users/ljc/Downloads/vue/egg-example/logs/TEDStore-back","encoding":"utf8","env":"local","level":"INFO","consoleLevel":"INFO","disableConsoleAfterReady":false,"outputJSON":false,"buffer":true,"appLogName":"TEDStore-back-web.log","coreLogName":"egg-web.log","agentLogName":"egg-agent.log","errorLogName":"common-error.log","coreLogger":{"consoleLevel":"WARN"},"allowDebugAtProd":false,"type":"application"}
2020-04-22 00:51:32,271 INFO 21463 [egg-multipart] stream mode enable
2020-04-22 00:51:32,306 INFO 21463 [egg-static] starting static serve /public/ -> /Users/ljc/Downloads/vue/egg-example/app/public
2020-04-22 00:51:32,308 INFO 21463 [egg-security] use methodnoallow middleware
2020-04-22 00:51:32,308 INFO 21463 [egg-security] use noopen middleware
2020-04-22 00:51:32,308 INFO 21463 [egg-security] use nosniff middleware
2020-04-22 00:51:32,309 INFO 21463 [egg-security] use xssProtection middleware
2020-04-22 00:51:32,309 INFO 21463 [egg-security] use xframe middleware
2020-04-22 00:51:32,310 INFO 21463 [egg-security] use dta middleware
2020-04-22 00:51:32,310 INFO 21463 [egg-security] compose 6 middlewares into one security middleware
2020-04-22 00:51:32,326 INFO 21463 [egg:core] dump config after load, 3ms
2020-04-22 00:51:32,333 INFO 21463 [egg-watcher:application] watcher start success
2020-04-22 00:51:32,344 INFO 21463 [egg:core] dump config after ready, 4ms
2020-04-22 00:51:41,586 INFO 21474 [egg:logger] init all loggers with options: {"dir":"/Users/ljc/Downloads/vue/egg-example/logs/TEDStore-back","encoding":"utf8","env":"local","level":"INFO","consoleLevel":"INFO","disableConsoleAfterReady":false,"outputJSON":false,"buffer":true,"appLogName":"TEDStore-back-web.log","coreLogName":"egg-web.log","agentLogName":"egg-agent.log","errorLogName":"common-error.log","coreLogger":{"consoleLevel":"WARN"},"allowDebugAtProd":false,"type":"application"}
2020-04-22 00:51:41,608 INFO 21474 [egg-multipart] stream mode enable
2020-04-22 00:51:41,654 INFO 21474 [egg-static] starting static serve /public/ -> /Users/ljc/Downloads/vue/egg-example/app/public
2020-04-22 00:51:41,656 INFO 21474 [egg-security] use methodnoallow middleware
2020-04-22 00:51:41,656 INFO 21474 [egg-security] use noopen middleware
2020-04-22 00:51:41,657 INFO 21474 [egg-security] use nosniff middleware
2020-04-22 00:51:41,657 INFO 21474 [egg-security] use xssProtection middleware
2020-04-22 00:51:41,658 INFO 21474 [egg-security] use xframe middleware
2020-04-22 00:51:41,659 INFO 21474 [egg-security] use dta middleware
2020-04-22 00:51:41,659 INFO 21474 [egg-security] compose 6 middlewares into one security middleware
2020-04-22 00:51:41,680 INFO 21474 [egg:core] dump config after load, 4ms
2020-04-22 00:51:41,689 INFO 21474 [egg-watcher:application] watcher start success
2020-04-22 00:51:41,702 INFO 21474 [egg:core] dump config after ready, 4ms
2020-04-22 00:52:13,755 INFO 21548 [egg:logger] init all loggers with options: {"dir":"/Users/ljc/Downloads/vue/egg-example/logs/TEDStore-back","encoding":"utf8","env":"local","level":"INFO","consoleLevel":"INFO","disableConsoleAfterReady":false,"outputJSON":false,"buffer":true,"appLogName":"TEDStore-back-web.log","coreLogName":"egg-web.log","agentLogName":"egg-agent.log","errorLogName":"common-error.log","coreLogger":{"consoleLevel":"WARN"},"allowDebugAtProd":false,"type":"application"}
2020-04-22 00:52:13,780 INFO 21548 [egg-multipart] stream mode enable
2020-04-22 00:52:13,853 INFO 21548 [egg-static] starting static serve /public/ -> /Users/ljc/Downloads/vue/egg-example/app/public
2020-04-22 00:52:13,855 INFO 21548 [egg-security] use methodnoallow middleware
2020-04-22 00:52:13,856 INFO 21548 [egg-security] use noopen middleware
2020-04-22 00:52:13,857 INFO 21548 [egg-security] use nosniff middleware
2020-04-22 00:52:13,857 INFO 21548 [egg-security] use xssProtection middleware
2020-04-22 00:52:13,858 INFO 21548 [egg-security] use xframe middleware
2020-04-22 00:52:13,859 INFO 21548 [egg-security] use dta middleware
2020-04-22 00:52:13,859 INFO 21548 [egg-security] compose 6 middlewares into one security middleware
2020-04-22 00:52:13,888 INFO 21548 [egg:core] dump config after load, 5ms
2020-04-22 00:52:13,897 INFO 21548 [egg-watcher:application] watcher start success
2020-04-22 00:52:13,914 INFO 21548 [egg:core] dump config after ready, 5ms
2020-04-22 00:53:37,590 INFO 21866 [egg:logger] init all loggers with options: {"dir":"/Users/ljc/Downloads/vue/egg-example/logs/TEDStore-back","encoding":"utf8","env":"local","level":"INFO","consoleLevel":"INFO","disableConsoleAfterReady":false,"outputJSON":false,"buffer":true,"appLogName":"TEDStore-back-web.log","coreLogName":"egg-web.log","agentLogName":"egg-agent.log","errorLogName":"common-error.log","coreLogger":{"consoleLevel":"WARN"},"allowDebugAtProd":false,"type":"application"}
2020-04-22 00:53:37,617 INFO 21866 [egg-multipart] stream mode enable
2020-04-22 00:53:37,693 INFO 21866 [egg-static] starting static serve /public/ -> /Users/ljc/Downloads/vue/egg-example/app/public
2020-04-22 00:53:37,696 INFO 21866 [egg-security] use methodnoallow middleware
2020-04-22 00:53:37,696 INFO 21866 [egg-security] use noopen middleware
2020-04-22 00:53:37,697 INFO 21866 [egg-security] use nosniff middleware
2020-04-22 00:53:37,698 INFO 21866 [egg-security] use xssProtection middleware
2020-04-22 00:53:37,698 INFO 21866 [egg-security] use xframe middleware
2020-04-22 00:53:37,699 INFO 21866 [egg-security] use dta middleware
2020-04-22 00:53:37,699 INFO 21866 [egg-security] compose 6 middlewares into one security middleware
2020-04-22 00:53:37,727 INFO 21866 [egg:core] dump config after load, 4ms
2020-04-22 00:53:37,736 INFO 21866 [egg-watcher:application] watcher start success
2020-04-22 00:53:37,753 INFO 21866 [egg:core] dump config after ready, 5ms
2020-04-22 00:55:00,449 INFO 21910 [egg:logger] init all loggers with options: {"dir":"/Users/ljc/Downloads/vue/egg-example/logs/TEDStore-back","encoding":"utf8","env":"local","level":"INFO","consoleLevel":"INFO","disableConsoleAfterReady":false,"outputJSON":false,"buffer":true,"appLogName":"TEDStore-back-web.log","coreLogName":"egg-web.log","agentLogName":"egg-agent.log","errorLogName":"common-error.log","coreLogger":{"consoleLevel":"WARN"},"allowDebugAtProd":false,"type":"application"}
2020-04-22 00:55:00,477 INFO 21910 [egg-multipart] stream mode enable
2020-04-22 00:55:00,566 INFO 21910 [egg-static] starting static serve /public/ -> /Users/ljc/Downloads/vue/egg-example/app/public
2020-04-22 00:55:00,569 INFO 21910 [egg-security] use methodnoallow middleware
2020-04-22 00:55:00,570 INFO 21910 [egg-security] use noopen middleware
2020-04-22 00:55:00,572 INFO 21910 [egg-security] use nosniff middleware
2020-04-22 00:55:00,572 INFO 21910 [egg-security] use xssProtection middleware
2020-04-22 00:55:00,573 INFO 21910 [egg-security] use xframe middleware
2020-04-22 00:55:00,573 INFO 21910 [egg-security] use dta middleware
2020-04-22 00:55:00,573 INFO 21910 [egg-security] compose 6 middlewares into one security middleware
2020-04-22 00:55:00,602 INFO 21910 [egg:core] dump config after load, 4ms
2020-04-22 00:55:00,611 INFO 21910 [egg-watcher:application] watcher start success
2020-04-22 00:55:00,628 INFO 21910 [egg:core] dump config after ready, 6ms
2020-04-22 18:27:59,032 INFO 11373 [egg:logger] init all loggers with options: {"dir":"/Users/ljc/Downloads/vue/TED-backend/egg-key/logs/TEDStore-back","encoding":"utf8","env":"local","level":"INFO","consoleLevel":"INFO","disableConsoleAfterReady":false,"outputJSON":false,"buffer":true,"appLogName":"TEDStore-back-web.log","coreLogName":"egg-web.log","agentLogName":"egg-agent.log","errorLogName":"common-error.log","coreLogger":{"consoleLevel":"WARN"},"allowDebugAtProd":false,"type":"application"}
2020-04-22 18:27:59,065 INFO 11373 [egg-multipart] stream mode enable
2020-04-22 18:27:59,181 INFO 11373 [egg-static] starting static serve /public/ -> /Users/ljc/Downloads/vue/TED-backend/egg-key/app/public
2020-04-22 18:27:59,183 INFO 11373 [egg-security] use methodnoallow middleware
2020-04-22 18:27:59,184 INFO 11373 [egg-security] use noopen middleware
2020-04-22 18:27:59,185 INFO 11373 [egg-security] use nosniff middleware
2020-04-22 18:27:59,186 INFO 11373 [egg-security] use xssProtection middleware
2020-04-22 18:27:59,186 INFO 11373 [egg-security] use xframe middleware
2020-04-22 18:27:59,187 INFO 11373 [egg-security] use dta middleware
2020-04-22 18:27:59,187 INFO 11373 [egg-security] compose 6 middlewares into one security middleware
2020-04-22 18:27:59,220 INFO 11373 [egg:core] dump config after load, 4ms
2020-04-22 18:27:59,231 INFO 11373 [egg-watcher:application] watcher start success
2020-04-22 18:27:59,250 INFO 11373 [egg:core] dump config after ready, 4ms
2020-04-22 18:29:53,210 INFO 11491 [egg:logger] init all loggers with options: {"dir":"/Users/ljc/Downloads/vue/TED-backend/egg-key/logs/TEDStore-back","encoding":"utf8","env":"local","level":"INFO","consoleLevel":"INFO","disableConsoleAfterReady":false,"outputJSON":false,"buffer":true,"appLogName":"TEDStore-back-web.log","coreLogName":"egg-web.log","agentLogName":"egg-agent.log","errorLogName":"common-error.log","coreLogger":{"consoleLevel":"WARN"},"allowDebugAtProd":false,"type":"application"}
2020-04-22 18:29:53,246 INFO 11491 [egg-multipart] stream mode enable
2020-04-22 18:29:53,366 INFO 11491 [egg-static] starting static serve /public/ -> /Users/ljc/Downloads/vue/TED-backend/egg-key/app/public
2020-04-22 18:29:53,369 INFO 11491 [egg-security] use methodnoallow middleware
2020-04-22 18:29:53,370 INFO 11491 [egg-security] use noopen middleware
2020-04-22 18:29:53,371 INFO 11491 [egg-security] use nosniff middleware
2020-04-22 18:29:53,373 INFO 11491 [egg-security] use xssProtection middleware
2020-04-22 18:29:53,374 INFO 11491 [egg-security] use xframe middleware
2020-04-22 18:29:53,375 INFO 11491 [egg-security] use dta middleware
2020-04-22 18:29:53,375 INFO 11491 [egg-security] compose 6 middlewares into one security middleware
2020-04-22 18:29:53,412 INFO 11491 [egg:core] dump config after load, 6ms
2020-04-22 18:29:53,422 INFO 11491 [egg-watcher:application] watcher start success
2020-04-22 18:29:53,441 INFO 11491 [egg:core] dump config after ready, 5ms
2020-04-22 18:37:58,695 INFO 11679 [egg:logger] init all loggers with options: {"dir":"/Users/ljc/Downloads/vue/TED-backend/egg-key/logs/TEDStore-back","encoding":"utf8","env":"local","level":"INFO","consoleLevel":"INFO","disableConsoleAfterReady":false,"outputJSON":false,"buffer":true,"appLogName":"TEDStore-back-web.log","coreLogName":"egg-web.log","agentLogName":"egg-agent.log","errorLogName":"common-error.log","coreLogger":{"consoleLevel":"WARN"},"allowDebugAtProd":false,"type":"application"}
2020-04-22 18:37:58,727 INFO 11679 [egg-multipart] stream mode enable
2020-04-22 18:37:58,864 INFO 11679 [egg-static] starting static serve /public/ -> /Users/ljc/Downloads/vue/TED-backend/egg-key/app/public
2020-04-22 18:37:58,870 INFO 11679 [egg-security] use methodnoallow middleware
2020-04-22 18:37:58,870 INFO 11679 [egg-security] use noopen middleware
2020-04-22 18:37:58,871 INFO 11679 [egg-security] use nosniff middleware
2020-04-22 18:37:58,873 INFO 11679 [egg-security] use xssProtection middleware
2020-04-22 18:37:58,874 INFO 11679 [egg-security] use xframe middleware
2020-04-22 18:37:58,874 INFO 11679 [egg-security] use dta middleware
2020-04-22 18:37:58,874 INFO 11679 [egg-security] compose 6 middlewares into one security middleware
2020-04-22 18:37:58,899 INFO 11679 [egg:core] dump config after load, 4ms
2020-04-22 18:37:58,906 INFO 11679 [egg-watcher:application] watcher start success
2020-04-22 18:37:58,920 INFO 11679 [egg:core] dump config after ready, 3ms
2020-04-22 19:03:23,349 WARN 11679 [ClusterClient:Watcher] follower closed, and try to init it again
2020-04-22 19:09:06,438 WARN 11679 [ClusterClient:Watcher] follower closed, and try to init it again
2020-04-22 19:14:19,821 WARN 11679 [ClusterClient:Watcher] follower closed, and try to init it again
2020-04-22 20:59:26,393 WARN 11679 [TCPBase] socket is closed by other side while there were still unhandled data in the socket buffer
2020-04-22 20:59:26,396 WARN 11679 [ClusterClient:Watcher] follower closed, and try to init it again
2020-04-22 21:04:49,499 WARN 11679 [ClusterClient:Watcher] follower closed, and try to init it again
2020-04-23 18:30:58,616 INFO 37599 [egg:logger] init all loggers with options: {"dir":"/Users/ljc/Downloads/vue/TED-backend/egg-key/logs/TEDStore-back","encoding":"utf8","env":"local","level":"INFO","consoleLevel":"INFO","disableConsoleAfterReady":false,"outputJSON":false,"buffer":true,"appLogName":"TEDStore-back-web.log","coreLogName":"egg-web.log","agentLogName":"egg-agent.log","errorLogName":"common-error.log","coreLogger":{"consoleLevel":"WARN"},"allowDebugAtProd":false,"type":"application"}
2020-04-23 18:30:58,635 INFO 37599 [egg-multipart] stream mode enable
2020-04-23 18:30:58,636 INFO 37599 [egg-mysql] connecting root@localhost:3306/test
2020-04-23 18:30:58,752 INFO 37599 [egg-static] starting static serve /public/ -> /Users/ljc/Downloads/vue/TED-backend/egg-key/app/public
2020-04-23 18:30:58,754 INFO 37599 [egg-security] use methodnoallow middleware
2020-04-23 18:30:58,754 INFO 37599 [egg-security] use noopen middleware
2020-04-23 18:30:58,755 INFO 37599 [egg-security] use nosniff middleware
2020-04-23 18:30:58,756 INFO 37599 [egg-security] use xssProtection middleware
2020-04-23 18:30:58,756 INFO 37599 [egg-security] use xframe middleware
2020-04-23 18:30:58,757 INFO 37599 [egg-security] use dta middleware
2020-04-23 18:30:58,757 INFO 37599 [egg-security] compose 6 middlewares into one security middleware
2020-04-23 18:30:58,782 INFO 37599 [egg:core] dump config after load, 3ms
2020-04-23 18:30:58,799 INFO 37599 [egg:core] dump config after ready, 4ms
2020-04-23 18:30:58,800 INFO 37599 [egg-watcher:application] watcher start success
2020-04-23 21:13:32,752 INFO 45720 [egg:logger] init all loggers with options: {"dir":"/Users/ljc/Downloads/vue/TED-backend/egg-key/logs/TEDStore-back","encoding":"utf8","env":"local","level":"INFO","consoleLevel":"INFO","disableConsoleAfterReady":false,"outputJSON":false,"buffer":true,"appLogName":"TEDStore-back-web.log","coreLogName":"egg-web.log","agentLogName":"egg-agent.log","errorLogName":"common-error.log","coreLogger":{"consoleLevel":"WARN"},"allowDebugAtProd":false,"type":"application"}
2020-04-23 21:13:32,770 INFO 45720 [egg-multipart] stream mode enable
2020-04-23 21:13:32,770 INFO 45720 [egg-mysql] connecting root@47.113.125.86:3306/test
2020-04-23 21:13:32,906 INFO 45720 [egg-static] starting static serve /public/ -> /Users/ljc/Downloads/vue/TED-backend/egg-key/app/public
2020-04-23 21:13:32,908 INFO 45720 [egg-security] use methodnoallow middleware
2020-04-23 21:13:32,908 INFO 45720 [egg-security] use noopen middleware
2020-04-23 21:13:32,909 INFO 45720 [egg-security] use nosniff middleware
2020-04-23 21:13:32,910 INFO 45720 [egg-security] use xssProtection middleware
2020-04-23 21:13:32,910 INFO 45720 [egg-security] use xframe middleware
2020-04-23 21:13:32,911 INFO 45720 [egg-security] use dta middleware
2020-04-23 21:13:32,911 INFO 45720 [egg-security] compose 6 middlewares into one security middleware
2020-04-23 21:13:32,940 INFO 45720 [egg:core] dump config after load, 4ms
2020-04-23 21:13:32,951 INFO 45720 [egg-watcher:application] watcher start success
2020-04-23 21:13:42,965 INFO 45720 [egg:core] dump config after ready, 5ms
2020-04-23 21:56:56,096 INFO 47217 [egg:logger] init all loggers with options: {"dir":"/Users/ljc/Downloads/vue/TED-backend/egg-key/logs/TEDStore-back","encoding":"utf8","env":"local","level":"INFO","consoleLevel":"INFO","disableConsoleAfterReady":false,"outputJSON":false,"buffer":true,"appLogName":"TEDStore-back-web.log","coreLogName":"egg-web.log","agentLogName":"egg-agent.log","errorLogName":"common-error.log","coreLogger":{"consoleLevel":"WARN"},"allowDebugAtProd":false,"type":"application"}
2020-04-23 21:56:56,121 INFO 47217 [egg-multipart] stream mode enable
2020-04-23 21:56:56,121 INFO 47217 [egg-mysql] connecting ljc@47.113.125.86:3306/test
2020-04-23 21:56:56,285 INFO 47217 [egg-static] starting static serve /public/ -> /Users/ljc/Downloads/vue/TED-backend/egg-key/app/public
2020-04-23 21:56:56,287 INFO 47217 [egg-security] use methodnoallow middleware
2020-04-23 21:56:56,288 INFO 47217 [egg-security] use noopen middleware
2020-04-23 21:56:56,289 INFO 47217 [egg-security] use nosniff middleware
2020-04-23 21:56:56,290 INFO 47217 [egg-security] use xssProtection middleware
2020-04-23 21:56:56,290 INFO 47217 [egg-security] use xframe middleware
2020-04-23 21:56:56,291 INFO 47217 [egg-security] use dta middleware
2020-04-23 21:56:56,291 INFO 47217 [egg-security] compose 6 middlewares into one security middleware
2020-04-23 21:56:56,330 INFO 47217 [egg:core] dump config after load, 4ms
2020-04-23 21:56:56,344 INFO 47217 [egg-watcher:application] watcher start success
2020-04-23 21:56:56,387 INFO 47217 [egg-mysql] instance[0] status OK, rds currentTime: Thu Apr 23 2020 21:56:56 GMT+0800 (中国标准时间)
2020-04-23 21:56:56,393 INFO 47217 [egg:core] dump config after ready, 5ms
2020-04-23 21:58:14,266 INFO 47272 [egg:logger] init all loggers with options: {"dir":"/Users/ljc/Downloads/vue/TED-backend/egg-key/logs/TEDStore-back","encoding":"utf8","env":"local","level":"INFO","consoleLevel":"INFO","disableConsoleAfterReady":false,"outputJSON":false,"buffer":true,"appLogName":"TEDStore-back-web.log","coreLogName":"egg-web.log","agentLogName":"egg-agent.log","errorLogName":"common-error.log","coreLogger":{"consoleLevel":"WARN"},"allowDebugAtProd":false,"type":"application"}
2020-04-23 21:58:14,293 INFO 47272 [egg-multipart] stream mode enable
2020-04-23 21:58:14,293 INFO 47272 [egg-mysql] connecting ljc@47.113.125.86:3306/test
2020-04-23 21:58:14,473 INFO 47272 [egg-static] starting static serve /public/ -> /Users/ljc/Downloads/vue/TED-backend/egg-key/app/public
2020-04-23 21:58:14,476 INFO 47272 [egg-security] use methodnoallow middleware
2020-04-23 21:58:14,476 INFO 47272 [egg-security] use noopen middleware
2020-04-23 21:58:14,477 INFO 47272 [egg-security] use nosniff middleware
2020-04-23 21:58:14,478 INFO 47272 [egg-security] use xssProtection middleware
2020-04-23 21:58:14,478 INFO 47272 [egg-security] use xframe middleware
2020-04-23 21:58:14,479 INFO 47272 [egg-security] use dta middleware
2020-04-23 21:58:14,479 INFO 47272 [egg-security] compose 6 middlewares into one security middleware
2020-04-23 21:58:14,513 INFO 47272 [egg:core] dump config after load, 5ms
2020-04-23 21:58:14,527 INFO 47272 [egg-watcher:application] watcher start success
2020-04-23 21:58:14,591 INFO 47272 [egg-mysql] instance[0] status OK, rds currentTime: Thu Apr 23 2020 21:58:14 GMT+0800 (中国标准时间)
2020-04-23 21:58:14,598 INFO 47272 [egg:core] dump config after ready, 5ms
2020-04-23 22:02:23,734 INFO 47452 [egg:logger] init all loggers with options: {"dir":"/Users/ljc/Downloads/vue/TED-backend/egg-key/logs/TEDStore-back","encoding":"utf8","env":"local","level":"INFO","consoleLevel":"INFO","disableConsoleAfterReady":false,"outputJSON":false,"buffer":true,"appLogName":"TEDStore-back-web.log","coreLogName":"egg-web.log","agentLogName":"egg-agent.log","errorLogName":"common-error.log","coreLogger":{"consoleLevel":"WARN"},"allowDebugAtProd":false,"type":"application"}
2020-04-23 22:02:23,762 INFO 47452 [egg-multipart] stream mode enable
2020-04-23 22:02:23,763 INFO 47452 [egg-mysql] connecting ljc@47.113.125.86:3306/test
2020-04-23 22:02:23,892 INFO 47452 [egg-static] starting static serve /public/ -> /Users/ljc/Downloads/vue/TED-backend/egg-key/app/public
2020-04-23 22:02:23,894 INFO 47452 [egg-security] use methodnoallow middleware
2020-04-23 22:02:23,895 INFO 47452 [egg-security] use noopen middleware
2020-04-23 22:02:23,895 INFO 47452 [egg-security] use nosniff middleware
2020-04-23 22:02:23,896 INFO 47452 [egg-security] use xssProtection middleware
2020-04-23 22:02:23,896 INFO 47452 [egg-security] use xframe middleware
2020-04-23 22:02:23,897 INFO 47452 [egg-security] use dta middleware
2020-04-23 22:02:23,897 INFO 47452 [egg-security] compose 6 middlewares into one security middleware
2020-04-23 22:02:23,921 INFO 47452 [egg:core] dump config after load, 4ms
2020-04-23 22:02:23,929 INFO 47452 [egg-watcher:application] watcher start success
2020-04-23 22:02:23,985 INFO 47452 [egg-mysql] instance[0] status OK, rds currentTime: Thu Apr 23 2020 22:02:23 GMT+0800 (中国标准时间)
2020-04-23 22:02:23,990 INFO 47452 [egg:core] dump config after ready, 4ms
2020-04-23 22:02:36,898 INFO 47466 [egg:logger] init all loggers with options: {"dir":"/Users/ljc/Downloads/vue/TED-backend/egg-key/logs/TEDStore-back","encoding":"utf8","env":"local","level":"INFO","consoleLevel":"INFO","disableConsoleAfterReady":false,"outputJSON":false,"buffer":true,"appLogName":"TEDStore-back-web.log","coreLogName":"egg-web.log","agentLogName":"egg-agent.log","errorLogName":"common-error.log","coreLogger":{"consoleLevel":"WARN"},"allowDebugAtProd":false,"type":"application"}
2020-04-23 22:02:36,922 INFO 47466 [egg-multipart] stream mode enable
2020-04-23 22:02:36,923 INFO 47466 [egg-mysql] connecting ljc@47.113.125.86:3306/test
2020-04-23 22:02:37,022 INFO 47466 [egg-static] starting static serve /public/ -> /Users/ljc/Downloads/vue/TED-backend/egg-key/app/public
2020-04-23 22:02:37,023 INFO 47466 [egg-security] use methodnoallow middleware
2020-04-23 22:02:37,024 INFO 47466 [egg-security] use noopen middleware
2020-04-23 22:02:37,024 INFO 47466 [egg-security] use nosniff middleware
2020-04-23 22:02:37,025 INFO 47466 [egg-security] use xssProtection middleware
2020-04-23 22:02:37,025 INFO 47466 [egg-security] use xframe middleware
2020-04-23 22:02:37,025 INFO 47466 [egg-security] use dta middleware
2020-04-23 22:02:37,025 INFO 47466 [egg-security] compose 6 middlewares into one security middleware
2020-04-23 22:02:37,047 INFO 47466 [egg:core] dump config after load, 4ms
2020-04-23 22:02:37,058 INFO 47466 [egg-watcher:application] watcher start success
2020-04-23 22:02:37,140 INFO 47466 [egg-mysql] instance[0] status OK, rds currentTime: Thu Apr 23 2020 22:02:37 GMT+0800 (中国标准时间)
2020-04-23 22:02:37,148 INFO 47466 [egg:core] dump config after ready, 4ms
2020-04-23 22:03:07,143 INFO 47490 [egg:logger] init all loggers with options: {"dir":"/Users/ljc/Downloads/vue/TED-backend/egg-key/logs/TEDStore-back","encoding":"utf8","env":"local","level":"INFO","consoleLevel":"INFO","disableConsoleAfterReady":false,"outputJSON":false,"buffer":true,"appLogName":"TEDStore-back-web.log","coreLogName":"egg-web.log","agentLogName":"egg-agent.log","errorLogName":"common-error.log","coreLogger":{"consoleLevel":"WARN"},"allowDebugAtProd":false,"type":"application"}
2020-04-23 22:03:07,169 INFO 47490 [egg-multipart] stream mode enable
2020-04-23 22:03:07,169 INFO 47490 [egg-mysql] connecting ljc@47.113.125.86:3306/test
2020-04-23 22:03:07,268 INFO 47490 [egg-static] starting static serve /public/ -> /Users/ljc/Downloads/vue/TED-backend/egg-key/app/public
2020-04-23 22:03:07,270 INFO 47490 [egg-security] use methodnoallow middleware
2020-04-23 22:03:07,271 INFO 47490 [egg-security] use noopen middleware
2020-04-23 22:03:07,271 INFO 47490 [egg-security] use nosniff middleware
2020-04-23 22:03:07,272 INFO 47490 [egg-security] use xssProtection middleware
2020-04-23 22:03:07,272 INFO 47490 [egg-security] use xframe middleware
2020-04-23 22:03:07,272 INFO 47490 [egg-security] use dta middleware
2020-04-23 22:03:07,272 INFO 47490 [egg-security] compose 6 middlewares into one security middleware
2020-04-23 22:03:07,298 INFO 47490 [egg:core] dump config after load, 4ms
2020-04-23 22:03:07,309 INFO 47490 [egg-watcher:application] watcher start success
2020-04-23 22:03:07,374 INFO 47490 [egg-mysql] instance[0] status OK, rds currentTime: Thu Apr 23 2020 22:03:07 GMT+0800 (中国标准时间)
2020-04-23 22:03:07,381 INFO 47490 [egg:core] dump config after ready, 6ms
2020-04-23 22:03:26,989 INFO 47511 [egg:logger] init all loggers with options: {"dir":"/Users/ljc/Downloads/vue/TED-backend/egg-key/logs/TEDStore-back","encoding":"utf8","env":"local","level":"INFO","consoleLevel":"INFO","disableConsoleAfterReady":false,"outputJSON":false,"buffer":true,"appLogName":"TEDStore-back-web.log","coreLogName":"egg-web.log","agentLogName":"egg-agent.log","errorLogName":"common-error.log","coreLogger":{"consoleLevel":"WARN"},"allowDebugAtProd":false,"type":"application"}
2020-04-23 22:03:27,014 INFO 47511 [egg-multipart] stream mode enable
2020-04-23 22:03:27,014 INFO 47511 [egg-mysql] connecting ljc@47.113.125.86:3306/test
2020-04-23 22:03:27,114 INFO 47511 [egg-static] starting static serve /public/ -> /Users/ljc/Downloads/vue/TED-backend/egg-key/app/public
2020-04-23 22:03:27,116 INFO 47511 [egg-security] use methodnoallow middleware
2020-04-23 22:03:27,116 INFO 47511 [egg-security] use noopen middleware
2020-04-23 22:03:27,117 INFO 47511 [egg-security] use nosniff middleware
2020-04-23 22:03:27,117 INFO 47511 [egg-security] use xssProtection middleware
2020-04-23 22:03:27,118 INFO 47511 [egg-security] use xframe middleware
2020-04-23 22:03:27,118 INFO 47511 [egg-security] use dta middleware
2020-04-23 22:03:27,118 INFO 47511 [egg-security] compose 6 middlewares into one security middleware
2020-04-23 22:03:27,142 INFO 47511 [egg:core] dump config after load, 4ms
2020-04-23 22:03:27,154 INFO 47511 [egg-watcher:application] watcher start success
2020-04-23 22:03:27,229 INFO 47511 [egg-mysql] instance[0] status OK, rds currentTime: Thu Apr 23 2020 22:03:27 GMT+0800 (中国标准时间)
2020-04-23 22:03:27,239 INFO 47511 [egg:core] dump config after ready, 7ms
2020-04-23 22:03:44,815 INFO 47526 [egg:logger] init all loggers with options: {"dir":"/Users/ljc/Downloads/vue/TED-backend/egg-key/logs/TEDStore-back","encoding":"utf8","env":"local","level":"INFO","consoleLevel":"INFO","disableConsoleAfterReady":false,"outputJSON":false,"buffer":true,"appLogName":"TEDStore-back-web.log","coreLogName":"egg-web.log","agentLogName":"egg-agent.log","errorLogName":"common-error.log","coreLogger":{"consoleLevel":"WARN"},"allowDebugAtProd":false,"type":"application"}
2020-04-23 22:03:44,853 INFO 47526 [egg-multipart] stream mode enable
2020-04-23 22:03:44,854 INFO 47526 [egg-mysql] connecting ljc@47.113.125.86:3306/test
2020-04-23 22:03:45,078 INFO 47526 [egg-static] starting static serve /public/ -> /Users/ljc/Downloads/vue/TED-backend/egg-key/app/public
2020-04-23 22:03:45,080 INFO 47526 [egg-security] use methodnoallow middleware
2020-04-23 22:03:45,081 INFO 47526 [egg-security] use noopen middleware
2020-04-23 22:03:45,081 INFO 47526 [egg-security] use nosniff middleware
2020-04-23 22:03:45,082 INFO 47526 [egg-security] use xssProtection middleware
2020-04-23 22:03:45,083 INFO 47526 [egg-security] use xframe middleware
2020-04-23 22:03:45,083 INFO 47526 [egg-security] use dta middleware
2020-04-23 22:03:45,083 INFO 47526 [egg-security] compose 6 middlewares into one security middleware
2020-04-23 22:03:45,113 INFO 47526 [egg:core] dump config after load, 4ms
2020-04-23 22:03:45,122 INFO 47526 [egg-watcher:application] watcher start success
2020-04-23 22:03:45,178 INFO 47526 [egg-mysql] instance[0] status OK, rds currentTime: Thu Apr 23 2020 22:03:45 GMT+0800 (中国标准时间)
2020-04-23 22:03:45,184 INFO 47526 [egg:core] dump config after ready, 5ms
2020-04-23 22:04:01,076 INFO 47557 [egg:logger] init all loggers with options: {"dir":"/Users/ljc/Downloads/vue/TED-backend/egg-key/logs/TEDStore-back","encoding":"utf8","env":"local","level":"INFO","consoleLevel":"INFO","disableConsoleAfterReady":false,"outputJSON":false,"buffer":true,"appLogName":"TEDStore-back-web.log","coreLogName":"egg-web.log","agentLogName":"egg-agent.log","errorLogName":"common-error.log","coreLogger":{"consoleLevel":"WARN"},"allowDebugAtProd":false,"type":"application"}
2020-04-23 22:04:01,100 INFO 47557 [egg-multipart] stream mode enable
2020-04-23 22:04:01,101 INFO 47557 [egg-mysql] connecting ljc@47.113.125.86:3306/test
2020-04-23 22:04:01,196 INFO 47557 [egg-static] starting static serve /public/ -> /Users/ljc/Downloads/vue/TED-backend/egg-key/app/public
2020-04-23 22:04:01,198 INFO 47557 [egg-security] use methodnoallow middleware
2020-04-23 22:04:01,198 INFO 47557 [egg-security] use noopen middleware
2020-04-23 22:04:01,199 INFO 47557 [egg-security] use nosniff middleware
2020-04-23 22:04:01,199 INFO 47557 [egg-security] use xssProtection middleware
2020-04-23 22:04:01,199 INFO 47557 [egg-security] use xframe middleware
2020-04-23 22:04:01,200 INFO 47557 [egg-security] use dta middleware
2020-04-23 22:04:01,200 INFO 47557 [egg-security] compose 6 middlewares into one security middleware
2020-04-23 22:04:01,224 INFO 47557 [egg:core] dump config after load, 5ms
2020-04-23 22:04:01,240 INFO 47557 [egg-watcher:application] watcher start success
2020-04-23 22:04:01,297 INFO 47557 [egg-mysql] instance[0] status OK, rds currentTime: Thu Apr 23 2020 22:04:01 GMT+0800 (中国标准时间)
2020-04-23 22:04:01,304 INFO 47557 [egg:core] dump config after ready, 5ms
2020-04-23 22:04:50,530 INFO 47581 [egg:logger] init all loggers with options: {"dir":"/Users/ljc/Downloads/vue/TED-backend/egg-key/logs/TEDStore-back","encoding":"utf8","env":"local","level":"INFO","consoleLevel":"INFO","disableConsoleAfterReady":false,"outputJSON":false,"buffer":true,"appLogName":"TEDStore-back-web.log","coreLogName":"egg-web.log","agentLogName":"egg-agent.log","errorLogName":"common-error.log","coreLogger":{"consoleLevel":"WARN"},"allowDebugAtProd":false,"type":"application"}
2020-04-23 22:04:50,553 INFO 47581 [egg-multipart] stream mode enable
2020-04-23 22:04:50,554 INFO 47581 [egg-mysql] connecting ljc@47.113.125.86:3306/test
2020-04-23 22:04:50,653 INFO 47581 [egg-static] starting static serve /public/ -> /Users/ljc/Downloads/vue/TED-backend/egg-key/app/public
2020-04-23 22:04:50,655 INFO 47581 [egg-security] use methodnoallow middleware
2020-04-23 22:04:50,655 INFO 47581 [egg-security] use noopen middleware
2020-04-23 22:04:50,655 INFO 47581 [egg-security] use nosniff middleware
2020-04-23 22:04:50,656 INFO 47581 [egg-security] use xssProtection middleware
2020-04-23 22:04:50,656 INFO 47581 [egg-security] use xframe middleware
2020-04-23 22:04:50,657 INFO 47581 [egg-security] use dta middleware
2020-04-23 22:04:50,657 INFO 47581 [egg-security] compose 6 middlewares into one security middleware
2020-04-23 22:04:50,680 INFO 47581 [egg:core] dump config after load, 4ms
2020-04-23 22:04:50,692 INFO 47581 [egg-watcher:application] watcher start success
2020-04-23 22:04:50,766 INFO 47581 [egg-mysql] instance[0] status OK, rds currentTime: Thu Apr 23 2020 22:04:50 GMT+0800 (中国标准时间)
2020-04-23 22:04:50,779 INFO 47581 [egg:core] dump config after ready, 6ms
2020-04-23 22:05:06,357 INFO 47593 [egg:logger] init all loggers with options: {"dir":"/Users/ljc/Downloads/vue/TED-backend/egg-key/logs/TEDStore-back","encoding":"utf8","env":"local","level":"INFO","consoleLevel":"INFO","disableConsoleAfterReady":false,"outputJSON":false,"buffer":true,"appLogName":"TEDStore-back-web.log","coreLogName":"egg-web.log","agentLogName":"egg-agent.log","errorLogName":"common-error.log","coreLogger":{"consoleLevel":"WARN"},"allowDebugAtProd":false,"type":"application"}
2020-04-23 22:05:06,379 INFO 47593 [egg-multipart] stream mode enable
2020-04-23 22:05:06,380 INFO 47593 [egg-mysql] connecting ljc@47.113.125.86:3306/test
2020-04-23 22:05:06,477 INFO 47593 [egg-static] starting static serve /public/ -> /Users/ljc/Downloads/vue/TED-backend/egg-key/app/public
2020-04-23 22:05:06,479 INFO 47593 [egg-security] use methodnoallow middleware
2020-04-23 22:05:06,479 INFO 47593 [egg-security] use noopen middleware
2020-04-23 22:05:06,480 INFO 47593 [egg-security] use nosniff middleware
2020-04-23 22:05:06,480 INFO 47593 [egg-security] use xssProtection middleware
2020-04-23 22:05:06,480 INFO 47593 [egg-security] use xframe middleware
2020-04-23 22:05:06,481 INFO 47593 [egg-security] use dta middleware
2020-04-23 22:05:06,481 INFO 47593 [egg-security] compose 6 middlewares into one security middleware
2020-04-23 22:05:06,505 INFO 47593 [egg:core] dump config after load, 4ms
2020-04-23 22:05:06,517 INFO 47593 [egg-watcher:application] watcher start success
2020-04-23 22:05:06,585 INFO 47593 [egg-mysql] instance[0] status OK, rds currentTime: Thu Apr 23 2020 22:05:06 GMT+0800 (中国标准时间)
2020-04-23 22:05:06,592 INFO 47593 [egg:core] dump config after ready, 5ms
2020-04-23 22:06:06,674 INFO 47647 [egg:logger] init all loggers with options: {"dir":"/Users/ljc/Downloads/vue/TED-backend/egg-key/logs/TEDStore-back","encoding":"utf8","env":"local","level":"INFO","consoleLevel":"INFO","disableConsoleAfterReady":false,"outputJSON":false,"buffer":true,"appLogName":"TEDStore-back-web.log","coreLogName":"egg-web.log","agentLogName":"egg-agent.log","errorLogName":"common-error.log","coreLogger":{"consoleLevel":"WARN"},"allowDebugAtProd":false,"type":"application"}
2020-04-23 22:06:06,699 INFO 47647 [egg-multipart] stream mode enable
2020-04-23 22:06:06,700 INFO 47647 [egg-mysql] connecting ljc@47.113.125.86:3306/test
2020-04-23 22:06:06,794 INFO 47647 [egg-static] starting static serve /public/ -> /Users/ljc/Downloads/vue/TED-backend/egg-key/app/public
2020-04-23 22:06:06,796 INFO 47647 [egg-security] use methodnoallow middleware
2020-04-23 22:06:06,796 INFO 47647 [egg-security] use noopen middleware
2020-04-23 22:06:06,796 INFO 47647 [egg-security] use nosniff middleware
2020-04-23 22:06:06,797 INFO 47647 [egg-security] use xssProtection middleware
2020-04-23 22:06:06,797 INFO 47647 [egg-security] use xframe middleware
2020-04-23 22:06:06,797 INFO 47647 [egg-security] use dta middleware
2020-04-23 22:06:06,797 INFO 47647 [egg-security] compose 6 middlewares into one security middleware
2020-04-23 22:06:06,820 INFO 47647 [egg:core] dump config after load, 4ms
2020-04-23 22:06:06,831 INFO 47647 [egg-watcher:application] watcher start success
2020-04-23 22:06:06,972 INFO 47647 [egg-mysql] instance[0] status OK, rds currentTime: Thu Apr 23 2020 22:06:06 GMT+0800 (中国标准时间)
2020-04-23 22:06:06,982 INFO 47647 [egg:core] dump config after ready, 7ms
2020-04-23 22:06:12,292 INFO 47668 [egg:logger] init all loggers with options: {"dir":"/Users/ljc/Downloads/vue/TED-backend/egg-key/logs/TEDStore-back","encoding":"utf8","env":"local","level":"INFO","consoleLevel":"INFO","disableConsoleAfterReady":false,"outputJSON":false,"buffer":true,"appLogName":"TEDStore-back-web.log","coreLogName":"egg-web.log","agentLogName":"egg-agent.log","errorLogName":"common-error.log","coreLogger":{"consoleLevel":"WARN"},"allowDebugAtProd":false,"type":"application"}
2020-04-23 22:06:12,314 INFO 47668 [egg-multipart] stream mode enable
2020-04-23 22:06:12,315 INFO 47668 [egg-mysql] connecting ljc@47.113.125.86:3306/test
2020-04-23 22:06:12,407 INFO 47668 [egg-static] starting static serve /public/ -> /Users/ljc/Downloads/vue/TED-backend/egg-key/app/public
2020-04-23 22:06:12,409 INFO 47668 [egg-security] use methodnoallow middleware
2020-04-23 22:06:12,409 INFO 47668 [egg-security] use noopen middleware
2020-04-23 22:06:12,410 INFO 47668 [egg-security] use nosniff middleware
2020-04-23 22:06:12,410 INFO 47668 [egg-security] use xssProtection middleware
2020-04-23 22:06:12,411 INFO 47668 [egg-security] use xframe middleware
2020-04-23 22:06:12,411 INFO 47668 [egg-security] use dta middleware
2020-04-23 22:06:12,411 INFO 47668 [egg-security] compose 6 middlewares into one security middleware
2020-04-23 22:06:12,432 INFO 47668 [egg:core] dump config after load, 4ms
2020-04-23 22:06:12,443 INFO 47668 [egg-watcher:application] watcher start success
2020-04-23 22:06:12,497 INFO 47668 [egg-mysql] instance[0] status OK, rds currentTime: Thu Apr 23 2020 22:06:12 GMT+0800 (中国标准时间)
2020-04-23 22:06:12,508 INFO 47668 [egg:core] dump config after ready, 7ms
2020-04-23 22:07:34,792 INFO 47712 [egg:logger] init all loggers with options: {"dir":"/Users/ljc/Downloads/vue/TED-backend/egg-key/logs/TEDStore-back","encoding":"utf8","env":"local","level":"INFO","consoleLevel":"INFO","disableConsoleAfterReady":false,"outputJSON":false,"buffer":true,"appLogName":"TEDStore-back-web.log","coreLogName":"egg-web.log","agentLogName":"egg-agent.log","errorLogName":"common-error.log","coreLogger":{"consoleLevel":"WARN"},"allowDebugAtProd":false,"type":"application"}
2020-04-23 22:07:34,812 INFO 47712 [egg-multipart] stream mode enable
2020-04-23 22:07:34,812 INFO 47712 [egg-mysql] connecting ljc@47.113.125.86:3306/test
2020-04-23 22:07:34,917 INFO 47712 [egg-static] starting static serve /public/ -> /Users/ljc/Downloads/vue/TED-backend/egg-key/app/public
2020-04-23 22:07:34,918 INFO 47712 [egg-security] use methodnoallow middleware
2020-04-23 22:07:34,919 INFO 47712 [egg-security] use noopen middleware
2020-04-23 22:07:34,919 INFO 47712 [egg-security] use nosniff middleware
2020-04-23 22:07:34,920 INFO 47712 [egg-security] use xssProtection middleware
2020-04-23 22:07:34,920 INFO 47712 [egg-security] use xframe middleware
2020-04-23 22:07:34,921 INFO 47712 [egg-security] use dta middleware
2020-04-23 22:07:34,921 INFO 47712 [egg-security] compose 6 middlewares into one security middleware
2020-04-23 22:07:34,946 INFO 47712 [egg:core] dump config after load, 4ms
2020-04-23 22:07:34,955 INFO 47712 [egg-watcher:application] watcher start success
2020-04-23 22:07:35,027 INFO 47712 [egg-mysql] instance[0] status OK, rds currentTime: Thu Apr 23 2020 22:07:35 GMT+0800 (中国标准时间)
2020-04-23 22:07:35,032 INFO 47712 [egg:core] dump config after ready, 3ms
2020-04-23 22:11:01,353 INFO 48212 [egg:logger] init all loggers with options: {"dir":"/Users/ljc/Downloads/vue/TED-backend/egg-key/logs/TEDStore-back","encoding":"utf8","env":"local","level":"INFO","consoleLevel":"INFO","disableConsoleAfterReady":false,"outputJSON":false,"buffer":true,"appLogName":"TEDStore-back-web.log","coreLogName":"egg-web.log","agentLogName":"egg-agent.log","errorLogName":"common-error.log","coreLogger":{"consoleLevel":"WARN"},"allowDebugAtProd":false,"type":"application"}
2020-04-23 22:11:01,377 INFO 48212 [egg-multipart] stream mode enable
2020-04-23 22:11:01,377 INFO 48212 [egg-mysql] connecting ljc@47.113.125.86:3306/test
2020-04-23 22:11:01,528 INFO 48212 [egg-static] starting static serve /public/ -> /Users/ljc/Downloads/vue/TED-backend/egg-key/app/public
2020-04-23 22:11:01,530 INFO 48212 [egg-security] use methodnoallow middleware
2020-04-23 22:11:01,531 INFO 48212 [egg-security] use noopen middleware
2020-04-23 22:11:01,531 INFO 48212 [egg-security] use nosniff middleware
2020-04-23 22:11:01,532 INFO 48212 [egg-security] use xssProtection middleware
2020-04-23 22:11:01,533 INFO 48212 [egg-security] use xframe middleware
2020-04-23 22:11:01,533 INFO 48212 [egg-security] use dta middleware
2020-04-23 22:11:01,533 INFO 48212 [egg-security] compose 6 middlewares into one security middleware
2020-04-23 22:11:01,562 INFO 48212 [egg:core] dump config after load, 3ms
2020-04-23 22:11:01,573 INFO 48212 [egg-watcher:application] watcher start success
2020-04-23 22:11:01,637 INFO 48212 [egg-mysql] instance[0] status OK, rds currentTime: Thu Apr 23 2020 22:11:01 GMT+0800 (中国标准时间)
2020-04-23 22:11:01,645 INFO 48212 [egg:core] dump config after ready, 5ms
