2020-04-26 00:00:57,096 ERROR 25928 [-/127.0.0.1/-/5ms GET /vipadd?username&capacity=10&duration=10] nodejs.Error: Can not auto detect update condition, please set options.where, or make sure obj.id exists
    at RDSClient.proto.update (/Users/ljc/Downloads/vue/TED-backend/egg-key/node_modules/_ali-rds@3.3.0@ali-rds/lib/operator.js:151:13)
    at proto.update.next (<anonymous>)
    at onFulfilled (/Users/ljc/Downloads/vue/TED-backend/egg-key/node_modules/_co@4.6.0@co/index.js:65:19)
    at /Users/ljc/Downloads/vue/TED-backend/egg-key/node_modules/_co@4.6.0@co/index.js:54:5
    at new Promise (<anonymous>)
    at RDSClient.co (/Users/ljc/Downloads/vue/TED-backend/egg-key/node_modules/_co@4.6.0@co/index.js:50:10)
    at RDSClient.createPromise [as update] (/Users/ljc/Downloads/vue/TED-backend/egg-key/node_modules/_co@4.6.0@co/index.js:30:15)
    at ServicevipaddService.UpdateDatabase (/Users/ljc/Downloads/vue/TED-backend/egg-key/app/service/servicevipadd.js:19:41)
    at vipadd.test (/Users/ljc/Downloads/vue/TED-backend/egg-key/app/controller/vipadd.js:11:38)
    at Object.callFn (/Users/ljc/Downloads/vue/TED-backend/egg-key/node_modules/egg-core/lib/utils/index.js:44:21)

pid: 25928
hostname: liangjiengdeMBP.lan

2020-04-26 00:09:54,477 ERROR 26273 [-/127.0.0.1/-/55ms GET /vipask?username=abc] nodejs.TypeError: Cannot read property 'duration' of undefined
    at vipask.judgeLogin (/Users/ljc/Downloads/vue/TED-backend/egg-key/app/controller/vipask.js:18:35)
    at processTicksAndRejections (internal/process/task_queues.js:97:5)
    at async /Users/ljc/Downloads/vue/TED-backend/egg-key/node_modules/egg-development/app/middleware/egg_loader_trace.js:9:50
    at async xframe (/Users/ljc/Downloads/vue/TED-backend/egg-key/node_modules/egg-security/lib/middlewares/xframe.js:7:5)
    at async xssProtection (/Users/ljc/Downloads/vue/TED-backend/egg-key/node_modules/egg-security/lib/middlewares/xssProtection.js:7:5)
    at async nosniff (/Users/ljc/Downloads/vue/TED-backend/egg-key/node_modules/egg-security/lib/middlewares/nosniff.js:8:5)
    at async noopen (/Users/ljc/Downloads/vue/TED-backend/egg-key/node_modules/egg-security/lib/middlewares/noopen.js:8:5)
    at async session (/Users/ljc/Downloads/vue/TED-backend/egg-key/node_modules/koa-session/index.js:41:7)
    at async bodyParser (/Users/ljc/Downloads/vue/TED-backend/egg-key/node_modules/koa-bodyparser/index.js:95:5)
    at async /Users/ljc/Downloads/vue/TED-backend/egg-key/node_modules/koa-static-cache/index.js:53:56

pid: 26273
hostname: liangjiengdeMBP.lan

2020-04-26 00:09:56,680 ERROR 26273 [-/127.0.0.1/-/45ms GET /vipask?username=abc] nodejs.TypeError: Cannot read property 'duration' of undefined
    at vipask.judgeLogin (/Users/ljc/Downloads/vue/TED-backend/egg-key/app/controller/vipask.js:18:35)
    at processTicksAndRejections (internal/process/task_queues.js:97:5)
    at async /Users/ljc/Downloads/vue/TED-backend/egg-key/node_modules/egg-development/app/middleware/egg_loader_trace.js:9:50
    at async xframe (/Users/ljc/Downloads/vue/TED-backend/egg-key/node_modules/egg-security/lib/middlewares/xframe.js:7:5)
    at async xssProtection (/Users/ljc/Downloads/vue/TED-backend/egg-key/node_modules/egg-security/lib/middlewares/xssProtection.js:7:5)
    at async nosniff (/Users/ljc/Downloads/vue/TED-backend/egg-key/node_modules/egg-security/lib/middlewares/nosniff.js:8:5)
    at async noopen (/Users/ljc/Downloads/vue/TED-backend/egg-key/node_modules/egg-security/lib/middlewares/noopen.js:8:5)
    at async session (/Users/ljc/Downloads/vue/TED-backend/egg-key/node_modules/koa-session/index.js:41:7)
    at async bodyParser (/Users/ljc/Downloads/vue/TED-backend/egg-key/node_modules/koa-bodyparser/index.js:95:5)
    at async /Users/ljc/Downloads/vue/TED-backend/egg-key/node_modules/koa-static-cache/index.js:53:56

pid: 26273
hostname: liangjiengdeMBP.lan

2020-04-26 00:10:06,896 ERROR 26284 [-/127.0.0.1/-/50ms GET /vipask?username=abc] nodejs.TypeError: Cannot read property 'duration' of undefined
    at vipask.judgeLogin (/Users/ljc/Downloads/vue/TED-backend/egg-key/app/controller/vipask.js:18:26)
    at processTicksAndRejections (internal/process/task_queues.js:97:5)
    at async /Users/ljc/Downloads/vue/TED-backend/egg-key/node_modules/egg-development/app/middleware/egg_loader_trace.js:9:50
    at async xframe (/Users/ljc/Downloads/vue/TED-backend/egg-key/node_modules/egg-security/lib/middlewares/xframe.js:7:5)
    at async xssProtection (/Users/ljc/Downloads/vue/TED-backend/egg-key/node_modules/egg-security/lib/middlewares/xssProtection.js:7:5)
    at async nosniff (/Users/ljc/Downloads/vue/TED-backend/egg-key/node_modules/egg-security/lib/middlewares/nosniff.js:8:5)
    at async noopen (/Users/ljc/Downloads/vue/TED-backend/egg-key/node_modules/egg-security/lib/middlewares/noopen.js:8:5)
    at async session (/Users/ljc/Downloads/vue/TED-backend/egg-key/node_modules/koa-session/index.js:41:7)
    at async bodyParser (/Users/ljc/Downloads/vue/TED-backend/egg-key/node_modules/koa-bodyparser/index.js:95:5)
    at async /Users/ljc/Downloads/vue/TED-backend/egg-key/node_modules/koa-static-cache/index.js:53:56

pid: 26284
hostname: liangjiengdeMBP.lan

2020-04-26 00:11:25,285 ERROR 26420 [-/127.0.0.1/-/42ms GET /vipask?username=abc] nodejs.TypeError: Cannot read property 'duration' of undefined
    at vipask.judgeLogin (/Users/ljc/Downloads/vue/TED-backend/egg-key/app/controller/vipask.js:13:26)
    at processTicksAndRejections (internal/process/task_queues.js:97:5)
    at async /Users/ljc/Downloads/vue/TED-backend/egg-key/node_modules/egg-development/app/middleware/egg_loader_trace.js:9:50
    at async xframe (/Users/ljc/Downloads/vue/TED-backend/egg-key/node_modules/egg-security/lib/middlewares/xframe.js:7:5)
    at async xssProtection (/Users/ljc/Downloads/vue/TED-backend/egg-key/node_modules/egg-security/lib/middlewares/xssProtection.js:7:5)
    at async nosniff (/Users/ljc/Downloads/vue/TED-backend/egg-key/node_modules/egg-security/lib/middlewares/nosniff.js:8:5)
    at async noopen (/Users/ljc/Downloads/vue/TED-backend/egg-key/node_modules/egg-security/lib/middlewares/noopen.js:8:5)
    at async session (/Users/ljc/Downloads/vue/TED-backend/egg-key/node_modules/koa-session/index.js:41:7)
    at async bodyParser (/Users/ljc/Downloads/vue/TED-backend/egg-key/node_modules/koa-bodyparser/index.js:95:5)
    at async /Users/ljc/Downloads/vue/TED-backend/egg-key/node_modules/koa-static-cache/index.js:53:56

pid: 26420
hostname: liangjiengdeMBP.lan

2020-04-26 00:11:26,753 ERROR 26420 [-/127.0.0.1/-/37ms GET /vipask?username=abc] nodejs.TypeError: Cannot read property 'duration' of undefined
    at vipask.judgeLogin (/Users/ljc/Downloads/vue/TED-backend/egg-key/app/controller/vipask.js:13:26)
    at processTicksAndRejections (internal/process/task_queues.js:97:5)
    at async /Users/ljc/Downloads/vue/TED-backend/egg-key/node_modules/egg-development/app/middleware/egg_loader_trace.js:9:50
    at async xframe (/Users/ljc/Downloads/vue/TED-backend/egg-key/node_modules/egg-security/lib/middlewares/xframe.js:7:5)
    at async xssProtection (/Users/ljc/Downloads/vue/TED-backend/egg-key/node_modules/egg-security/lib/middlewares/xssProtection.js:7:5)
    at async nosniff (/Users/ljc/Downloads/vue/TED-backend/egg-key/node_modules/egg-security/lib/middlewares/nosniff.js:8:5)
    at async noopen (/Users/ljc/Downloads/vue/TED-backend/egg-key/node_modules/egg-security/lib/middlewares/noopen.js:8:5)
    at async session (/Users/ljc/Downloads/vue/TED-backend/egg-key/node_modules/koa-session/index.js:41:7)
    at async bodyParser (/Users/ljc/Downloads/vue/TED-backend/egg-key/node_modules/koa-bodyparser/index.js:95:5)
    at async /Users/ljc/Downloads/vue/TED-backend/egg-key/node_modules/koa-static-cache/index.js:53:56

pid: 26420
hostname: liangjiengdeMBP.lan

